Using pre-set license
Built from '2022.3/staging' branch; Version is '2022.3.8f1 (b5eafc012955) revision 11922172'; Using compiler version '192829333'; Build Type 'Release'
OS: 'Windows 11  (10.0.22621) 64bit Professional' Language: 'ko' Physical Memory: 14158 MB
BatchMode: 1, IsHumanControllingUs: 0, StartBugReporterOnCrash: 0, Is64bit: 1, IsPro: 1

COMMAND LINE ARGUMENTS:
C:\Program Files\Unity\Hub\Editor\2022.3.8f1\Editor\Unity.exe
-adb2
-batchMode
-noUpm
-name
AssetImportWorker3
-projectPath
C:/unityproject/OurAdventureRE/Project_OurReturnedAdventure
-logFile
Logs/AssetImportWorker3.log
-srvPort
55244
Successfully changed project path to: C:/unityproject/OurAdventureRE/Project_OurReturnedAdventure
C:/unityproject/OurAdventureRE/Project_OurReturnedAdventure
[UnityMemory] Configuration Parameters - Can be set up in boot.config
    "memorysetup-bucket-allocator-granularity=16"
    "memorysetup-bucket-allocator-bucket-count=8"
    "memorysetup-bucket-allocator-block-size=33554432"
    "memorysetup-bucket-allocator-block-count=8"
    "memorysetup-main-allocator-block-size=16777216"
    "memorysetup-thread-allocator-block-size=16777216"
    "memorysetup-gfx-main-allocator-block-size=16777216"
    "memorysetup-gfx-thread-allocator-block-size=16777216"
    "memorysetup-cache-allocator-block-size=4194304"
    "memorysetup-typetree-allocator-block-size=2097152"
    "memorysetup-profiler-bucket-allocator-granularity=16"
    "memorysetup-profiler-bucket-allocator-bucket-count=8"
    "memorysetup-profiler-bucket-allocator-block-size=33554432"
    "memorysetup-profiler-bucket-allocator-block-count=8"
    "memorysetup-profiler-allocator-block-size=16777216"
    "memorysetup-profiler-editor-allocator-block-size=1048576"
    "memorysetup-temp-allocator-size-main=16777216"
    "memorysetup-job-temp-allocator-block-size=2097152"
    "memorysetup-job-temp-allocator-block-size-background=1048576"
    "memorysetup-job-temp-allocator-reduction-small-platforms=262144"
    "memorysetup-allocator-temp-initial-block-size-main=262144"
    "memorysetup-allocator-temp-initial-block-size-worker=262144"
    "memorysetup-temp-allocator-size-background-worker=32768"
    "memorysetup-temp-allocator-size-job-worker=262144"
    "memorysetup-temp-allocator-size-preload-manager=33554432"
    "memorysetup-temp-allocator-size-nav-mesh-worker=65536"
    "memorysetup-temp-allocator-size-audio-worker=65536"
    "memorysetup-temp-allocator-size-cloud-worker=32768"
    "memorysetup-temp-allocator-size-gi-baking-worker=262144"
    "memorysetup-temp-allocator-size-gfx=262144"
Player connection [7772] Host "[IP] 26.180.130.95 [Port] 0 [Flags] 2 [Guid] 2440959949 [EditorId] 2440959949 [Version] 1048832 [Id] WindowsEditor(7,TKLevono) [Debug] 1 [PackageName] WindowsEditor [ProjectName] Editor" joined multi-casting on [225.0.0.222:54997]...

Player connection [7772] Host "[IP] 26.180.130.95 [Port] 0 [Flags] 2 [Guid] 2440959949 [EditorId] 2440959949 [Version] 1048832 [Id] WindowsEditor(7,TKLevono) [Debug] 1 [PackageName] WindowsEditor [ProjectName] Editor" joined alternative multi-casting on [225.0.0.222:34997]...

[Physics::Module] Initialized MultithreadedJobDispatcher with 15 workers.
Refreshing native plugins compatible for Editor in 45.34 ms, found 4 plugins.
Preloading 0 native plugins for Editor in 0.00 ms.
Initialize engine version: 2022.3.8f1 (b5eafc012955)
[Subsystems] Discovering subsystems at path C:/Program Files/Unity/Hub/Editor/2022.3.8f1/Editor/Data/Resources/UnitySubsystems
[Subsystems] Discovering subsystems at path C:/unityproject/OurAdventureRE/Project_OurReturnedAdventure/Assets
GfxDevice: creating device client; threaded=0; jobified=0
Direct3D:
    Version:  Direct3D 11.0 [level 11.1]
    Renderer: AMD Radeon(TM) Graphics (ID=0x164c)
    Vendor:   ATI
    VRAM:     7079 MB
    Driver:   30.0.13044.0
Initialize mono
Mono path[0] = 'C:/Program Files/Unity/Hub/Editor/2022.3.8f1/Editor/Data/Managed'
Mono path[1] = 'C:/Program Files/Unity/Hub/Editor/2022.3.8f1/Editor/Data/MonoBleedingEdge/lib/mono/unityjit-win32'
Mono config path = 'C:/Program Files/Unity/Hub/Editor/2022.3.8f1/Editor/Data/MonoBleedingEdge/etc'
Using monoOptions --debugger-agent=transport=dt_socket,embedding=1,server=y,suspend=n,address=127.0.0.1:56508
Begin MonoManager ReloadAssembly
Registering precompiled unity dll's ...
Register platform support module: C:/Program Files/Unity/Hub/Editor/2022.3.8f1/Editor/Data/PlaybackEngines/WebGLSupport/UnityEditor.WebGL.Extensions.dll
Register platform support module: C:/Program Files/Unity/Hub/Editor/2022.3.8f1/Editor/Data/PlaybackEngines/AndroidPlayer/UnityEditor.Android.Extensions.dll
Register platform support module: C:/Program Files/Unity/Hub/Editor/2022.3.8f1/Editor/Data/PlaybackEngines/WindowsStandaloneSupport/UnityEditor.WindowsStandalone.Extensions.dll
Registered in 0.017856 seconds.
- Loaded All Assemblies, in  0.533 seconds
Native extension for WindowsStandalone target not found
Native extension for Android target not found
Android Extension - Scanning For ADB Devices 428 ms
Native extension for WebGL target not found
Mono: successfully reloaded assembly
- Finished resetting the current domain, in  0.883 seconds
Domain Reload Profiling: 1412ms
	BeginReloadAssembly (156ms)
		ExecutionOrderSort (0ms)
		DisableScriptedObjects (0ms)
		BackupInstance (0ms)
		ReleaseScriptingObjects (0ms)
		CreateAndSetChildDomain (1ms)
	RebuildCommonClasses (40ms)
	RebuildNativeTypeToScriptingClass (13ms)
	initialDomainReloadingComplete (92ms)
	LoadAllAssembliesAndSetupDomain (227ms)
		LoadAssemblies (152ms)
		RebuildTransferFunctionScriptingTraits (0ms)
		AnalyzeDomain (223ms)
			TypeCache.Refresh (221ms)
				TypeCache.ScanAssembly (206ms)
			ScanForSourceGeneratedMonoScriptInfo (1ms)
			ResolveRequiredComponents (1ms)
	FinalizeReload (884ms)
		ReleaseScriptCaches (0ms)
		RebuildScriptCaches (0ms)
		SetupLoadedEditorAssemblies (800ms)
			LogAssemblyErrors (0ms)
			InitializePlatformSupportModulesInManaged (573ms)
			SetLoadedEditorAssemblies (6ms)
			RefreshPlugins (0ms)
			BeforeProcessingInitializeOnLoad (3ms)
			ProcessInitializeOnLoadAttributes (132ms)
			ProcessInitializeOnLoadMethodAttributes (87ms)
			AfterProcessingInitializeOnLoad (0ms)
			EditorAssembliesLoaded (0ms)
		ExecutionOrderSort2 (0ms)
		AwakeInstancesAfterBackupRestoration (0ms)
========================================================================
Worker process is ready to serve import requests
Begin MonoManager ReloadAssembly
- Loaded All Assemblies, in  1.086 seconds
Refreshing native plugins compatible for Editor in 22.72 ms, found 4 plugins.
Native extension for WindowsStandalone target not found
Native extension for Android target not found
Native extension for WebGL target not found
Package Manager log level set to [2]
[Package Manager] Server::EnsureServerProcessIsRunning -- launch failed, reason: Unity was launched with the -noUpm command-line argument
[Package Manager] UpmClient::Send -- Unable to send message (not connected to UPM process).
[Package Manager] Cannot connect to Unity Package Manager local server
Mono: successfully reloaded assembly
[Package Manager] Server::EnsureServerProcessIsRunning -- launch failed, reason: Unity was launched with the -noUpm command-line argument
[Package Manager] UpmClient::Send -- Unable to send message (not connected to UPM process).
[Package Manager] Cannot connect to Unity Package Manager local server
[Package Manager] Server::EnsureServerProcessIsRunning -- launch failed, reason: Unity was launched with the -noUpm command-line argument
[Package Manager] UpmClient::Send -- Unable to send message (not connected to UPM process).
[Package Manager] Cannot connect to Unity Package Manager local server
- Finished resetting the current domain, in  1.047 seconds
Domain Reload Profiling: 2122ms
	BeginReloadAssembly (224ms)
		ExecutionOrderSort (0ms)
		DisableScriptedObjects (10ms)
		BackupInstance (0ms)
		ReleaseScriptingObjects (0ms)
		CreateAndSetChildDomain (31ms)
	RebuildCommonClasses (54ms)
	RebuildNativeTypeToScriptingClass (14ms)
	initialDomainReloadingComplete (70ms)
	LoadAllAssembliesAndSetupDomain (714ms)
		LoadAssemblies (521ms)
		RebuildTransferFunctionScriptingTraits (0ms)
		AnalyzeDomain (315ms)
			TypeCache.Refresh (261ms)
				TypeCache.ScanAssembly (232ms)
			ScanForSourceGeneratedMonoScriptInfo (45ms)
			ResolveRequiredComponents (7ms)
	FinalizeReload (1047ms)
		ReleaseScriptCaches (0ms)
		RebuildScriptCaches (0ms)
		SetupLoadedEditorAssemblies (777ms)
			LogAssemblyErrors (0ms)
			InitializePlatformSupportModulesInManaged (36ms)
			SetLoadedEditorAssemblies (8ms)
			RefreshPlugins (0ms)
			BeforeProcessingInitializeOnLoad (126ms)
			ProcessInitializeOnLoadAttributes (542ms)
			ProcessInitializeOnLoadMethodAttributes (53ms)
			AfterProcessingInitializeOnLoad (11ms)
			EditorAssembliesLoaded (0ms)
		ExecutionOrderSort2 (0ms)
		AwakeInstancesAfterBackupRestoration (7ms)
Launched and connected shader compiler UnityShaderCompiler.exe after 0.06 seconds
Refreshing native plugins compatible for Editor in 23.98 ms, found 4 plugins.
Preloading 0 native plugins for Editor in 0.00 ms.
Unloading 4744 Unused Serialized files (Serialized files now loaded: 0)
Unloading 99 unused Assets / (78.3 KB). Loaded Objects now: 5183.
Memory consumption went from 162.4 MB to 162.3 MB.
Total: 5.552700 ms (FindLiveObjects: 0.623300 ms CreateObjectMapping: 0.459400 ms MarkObjects: 4.212500 ms  DeleteObjects: 0.255800 ms)

AssetImportParameters requested are different than current active one (requested -> active):
  custom:container-demuxer-ogg: 62fdf1f143b41e24485cea50d1cbac27 -> 
  custom:video-decoder-ogg-theora: a1e56fd34408186e4bbccfd4996cb3dc -> 
  custom:framework-win-MediaFoundation: 216162199b28c13a410421893ffa2e32 -> 
  custom:CustomObjectIndexerAttribute: 756ad292c208cfabdd7b50bc23989ffe -> 
  custom:container-demuxer-webm: 4f35f7cbe854078d1ac9338744f61a02 -> 
  custom:container-muxer-webm: aa71ff27fc2769a1b78a27578f13a17b -> 
  custom:video-decoder-webm-vp8: 9c59270c3fd7afecdb556c50c9e8de78 -> 
  custom:SearchIndexIgnoredProperties: e643bd26f0fe6173181afceb89e7c659 -> 
  custom:AudioImporter_EditorPlatform: d09bf68614088b80899f8185d706f6e7 -> 
  custom:video-encoder-webm-vp8: eb34c28f22e8b96e1ab97ce403110664 -> 
  custom:audio-decoder-ogg-vorbis: bf7c407c2cedff20999df2af8eb42d56 -> 
  custom:audio-encoder-webm-vorbis: bf7c407c2cedff20999df2af8eb42d56 -> 
========================================================================
Received Import Request.
  Time since last request: 79157.431475 seconds.
  path: Assets/Scenes/Maps/TilemapTemplate.png
  artifactKey: Guid(3a593858bd8f99b4783c61c4a89616fa) Importer(815301076,1909f56bfc062723c751e8b465ee728b)
Start importing Assets/Scenes/Maps/TilemapTemplate.png using Guid(3a593858bd8f99b4783c61c4a89616fa) Importer(815301076,1909f56bfc062723c751e8b465ee728b)  -> (artifact id: '8b96216548fd341c281b9cf4b72ee1e9') in 0.384295 seconds
Number of updated asset objects reloaded before import = 0
Number of asset objects unloaded after import = 66
========================================================================
Received Import Request.
  Time since last request: 609.671765 seconds.
  path: Assets/Scenes/Maps/TilemapTemplate.png
  artifactKey: Guid(3a593858bd8f99b4783c61c4a89616fa) Importer(815301076,1909f56bfc062723c751e8b465ee728b)
Start importing Assets/Scenes/Maps/TilemapTemplate.png using Guid(3a593858bd8f99b4783c61c4a89616fa) Importer(815301076,1909f56bfc062723c751e8b465ee728b)  -> (artifact id: 'e8fa7c678dd62ad939ed7051c6d8092a') in 0.272253 seconds
Number of updated asset objects reloaded before import = 0
Number of asset objects unloaded after import = 66
========================================================================
Received Import Request.
  Time since last request: 377.233465 seconds.
  path: Assets/Scenes/Maps/TestingTilemap.prefab
  artifactKey: Guid(44720cb9c0aa7324ea40aaf033033722) Importer(815301076,1909f56bfc062723c751e8b465ee728b)
Start importing Assets/Scenes/Maps/TestingTilemap.prefab using Guid(44720cb9c0aa7324ea40aaf033033722) Importer(815301076,1909f56bfc062723c751e8b465ee728b)  -> (artifact id: 'cd1fbb4bcf9a0d14189afbcd805ee886') in 0.137230 seconds
Number of updated asset objects reloaded before import = 0
Number of asset objects unloaded after import = 138
========================================================================
Received Import Request.
  Time since last request: 45.410455 seconds.
  path: Assets/Scenes/Maps/TestingTilemap.prefab
  artifactKey: Guid(44720cb9c0aa7324ea40aaf033033722) Importer(815301076,1909f56bfc062723c751e8b465ee728b)
Start importing Assets/Scenes/Maps/TestingTilemap.prefab using Guid(44720cb9c0aa7324ea40aaf033033722) Importer(815301076,1909f56bfc062723c751e8b465ee728b)  -> (artifact id: '6295403aad03bb53e53f5ccbc98489c7') in 0.082834 seconds
Number of updated asset objects reloaded before import = 0
Number of asset objects unloaded after import = 138
========================================================================
Received Import Request.
  Time since last request: 1.974386 seconds.
  path: Assets/Scenes/Maps/TestingTilemap.prefab
  artifactKey: Guid(44720cb9c0aa7324ea40aaf033033722) Importer(815301076,1909f56bfc062723c751e8b465ee728b)
Start importing Assets/Scenes/Maps/TestingTilemap.prefab using Guid(44720cb9c0aa7324ea40aaf033033722) Importer(815301076,1909f56bfc062723c751e8b465ee728b)  -> (artifact id: '8193eb5a6d1a79b7836a725465dfb746') in 0.083773 seconds
Number of updated asset objects reloaded before import = 0
Number of asset objects unloaded after import = 138
========================================================================
Received Import Request.
  Time since last request: 34.201677 seconds.
  path: Assets/Scenes/Maps/TestingTilemap.prefab
  artifactKey: Guid(44720cb9c0aa7324ea40aaf033033722) Importer(815301076,1909f56bfc062723c751e8b465ee728b)
Start importing Assets/Scenes/Maps/TestingTilemap.prefab using Guid(44720cb9c0aa7324ea40aaf033033722) Importer(815301076,1909f56bfc062723c751e8b465ee728b)  -> (artifact id: 'c311d8f87417437b56d45236aa58342a') in 0.080663 seconds
Number of updated asset objects reloaded before import = 0
Number of asset objects unloaded after import = 138
========================================================================
Received Import Request.
  Time since last request: 1.885525 seconds.
  path: Assets/Scenes/Maps/TestingTilemap.prefab
  artifactKey: Guid(44720cb9c0aa7324ea40aaf033033722) Importer(815301076,1909f56bfc062723c751e8b465ee728b)
Start importing Assets/Scenes/Maps/TestingTilemap.prefab using Guid(44720cb9c0aa7324ea40aaf033033722) Importer(815301076,1909f56bfc062723c751e8b465ee728b)  -> (artifact id: 'c9d67d2c2ef4fbf05fc7b18378d42aa6') in 0.077616 seconds
Number of updated asset objects reloaded before import = 0
Number of asset objects unloaded after import = 138
========================================================================
Received Import Request.
  Time since last request: 214.205474 seconds.
  path: Assets/Scenes/Maps/TestingTilemap.prefab
  artifactKey: Guid(44720cb9c0aa7324ea40aaf033033722) Importer(815301076,1909f56bfc062723c751e8b465ee728b)
Start importing Assets/Scenes/Maps/TestingTilemap.prefab using Guid(44720cb9c0aa7324ea40aaf033033722) Importer(815301076,1909f56bfc062723c751e8b465ee728b)  -> (artifact id: '8a64b2f763a8590b5a8ca728b9494fd8') in 0.085569 seconds
Number of updated asset objects reloaded before import = 0
Number of asset objects unloaded after import = 138
========================================================================
Received Import Request.
  Time since last request: 101.306949 seconds.
  path: Assets/Scenes/Maps/TestingTilemap.prefab
  artifactKey: Guid(44720cb9c0aa7324ea40aaf033033722) Importer(815301076,1909f56bfc062723c751e8b465ee728b)
Start importing Assets/Scenes/Maps/TestingTilemap.prefab using Guid(44720cb9c0aa7324ea40aaf033033722) Importer(815301076,1909f56bfc062723c751e8b465ee728b)  -> (artifact id: '620efa65073bb88635b2023523cb5108') in 0.080197 seconds
Number of updated asset objects reloaded before import = 0
Number of asset objects unloaded after import = 139
========================================================================
Received Import Request.
  Time since last request: 0.042908 seconds.
  path: Assets/Scenes/Maps/TilemapTemplate_1.asset
  artifactKey: Guid(c83a65fc8c9491a4a9b2c593120c143c) Importer(815301076,1909f56bfc062723c751e8b465ee728b)
Start importing Assets/Scenes/Maps/TilemapTemplate_1.asset using Guid(c83a65fc8c9491a4a9b2c593120c143c) Importer(815301076,1909f56bfc062723c751e8b465ee728b)  -> (artifact id: '712f512e14203b7ee256e0e9acba4e5c') in 0.028926 seconds
Number of updated asset objects reloaded before import = 0
Number of asset objects unloaded after import = 3
========================================================================
Received Import Request.
  Time since last request: 0.001757 seconds.
  path: Assets/Scenes/Maps/TilemapTemplate_4.asset
  artifactKey: Guid(d228cffffd673974a8225b02aa421d22) Importer(815301076,1909f56bfc062723c751e8b465ee728b)
Start importing Assets/Scenes/Maps/TilemapTemplate_4.asset using Guid(d228cffffd673974a8225b02aa421d22) Importer(815301076,1909f56bfc062723c751e8b465ee728b)  -> (artifact id: 'c62d1f11c7c0bcd43b092d8bc253ee8d') in 0.023625 seconds
Number of updated asset objects reloaded before import = 0
Number of asset objects unloaded after import = 3
========================================================================
Received Import Request.
  Time since last request: 0.000034 seconds.
  path: Assets/Scenes/Maps/TilemapTemplate_7.asset
  artifactKey: Guid(c3cd2220dcbb2844594e49432a65381b) Importer(815301076,1909f56bfc062723c751e8b465ee728b)
Start importing Assets/Scenes/Maps/TilemapTemplate_7.asset using Guid(c3cd2220dcbb2844594e49432a65381b) Importer(815301076,1909f56bfc062723c751e8b465ee728b)  -> (artifact id: 'f803a5753e36f642a89683332b7c2e4f') in 0.025201 seconds
Number of updated asset objects reloaded before import = 0
Number of asset objects unloaded after import = 3
========================================================================
Received Import Request.
  Time since last request: 0.000037 seconds.
  path: Assets/Scenes/Maps/TilemapTemplate_24.asset
  artifactKey: Guid(4b607c7e8354c4b41bf62132666a473e) Importer(815301076,1909f56bfc062723c751e8b465ee728b)
Start importing Assets/Scenes/Maps/TilemapTemplate_24.asset using Guid(4b607c7e8354c4b41bf62132666a473e) Importer(815301076,1909f56bfc062723c751e8b465ee728b)  -> (artifact id: 'e075fe1fb2d46bb735d1855fb4cad3e5') in 0.021846 seconds
Number of updated asset objects reloaded before import = 0
Number of asset objects unloaded after import = 3
========================================================================
Received Import Request.
  Time since last request: 0.000023 seconds.
  path: Assets/Scenes/Maps/TilemapTemplate_36.asset
  artifactKey: Guid(4c82487f54a505e43851b47c5927bcf9) Importer(815301076,1909f56bfc062723c751e8b465ee728b)
Start importing Assets/Scenes/Maps/TilemapTemplate_36.asset using Guid(4c82487f54a505e43851b47c5927bcf9) Importer(815301076,1909f56bfc062723c751e8b465ee728b)  -> (artifact id: '395694426e447ada2dcbf735b08b818e') in 0.029639 seconds
Number of updated asset objects reloaded before import = 0
Number of asset objects unloaded after import = 3
========================================================================
Received Import Request.
  Time since last request: 0.000030 seconds.
  path: Assets/Scenes/Maps/TilemapTemplate_29.asset
  artifactKey: Guid(c2ab3b295708a484588afab8459ab362) Importer(815301076,1909f56bfc062723c751e8b465ee728b)
Start importing Assets/Scenes/Maps/TilemapTemplate_29.asset using Guid(c2ab3b295708a484588afab8459ab362) Importer(815301076,1909f56bfc062723c751e8b465ee728b)  -> (artifact id: '443a1e2593ed430dadd5e55bd0f68c25') in 0.020096 seconds
Number of updated asset objects reloaded before import = 0
Number of asset objects unloaded after import = 3
========================================================================
Received Import Request.
  Time since last request: 0.000031 seconds.
  path: Assets/Scenes/Maps/TilemapTemplate_23.asset
  artifactKey: Guid(149467721ceeb0344ada9ba43fcf7c35) Importer(815301076,1909f56bfc062723c751e8b465ee728b)
Start importing Assets/Scenes/Maps/TilemapTemplate_23.asset using Guid(149467721ceeb0344ada9ba43fcf7c35) Importer(815301076,1909f56bfc062723c751e8b465ee728b)  -> (artifact id: '6159604e346e7c75a075903729186a94') in 0.019913 seconds
Number of updated asset objects reloaded before import = 0
Number of asset objects unloaded after import = 3
========================================================================
Received Import Request.
  Time since last request: 0.000032 seconds.
  path: Assets/Scenes/Maps/TilemapTemplate_41.asset
  artifactKey: Guid(db8345fdc26171f4dadc14aa12556446) Importer(815301076,1909f56bfc062723c751e8b465ee728b)
Start importing Assets/Scenes/Maps/TilemapTemplate_41.asset using Guid(db8345fdc26171f4dadc14aa12556446) Importer(815301076,1909f56bfc062723c751e8b465ee728b)  -> (artifact id: 'f489009e65ebb85975ce7605774ef3eb') in 0.008045 seconds
Number of updated asset objects reloaded before import = 0
Number of asset objects unloaded after import = 3
========================================================================
Received Import Request.
  Time since last request: 0.000070 seconds.
  path: Assets/Scenes/Maps/TilemapTemplate_38.asset
  artifactKey: Guid(9c64d976224483840b712df8ad965170) Importer(815301076,1909f56bfc062723c751e8b465ee728b)
Start importing Assets/Scenes/Maps/TilemapTemplate_38.asset using Guid(9c64d976224483840b712df8ad965170) Importer(815301076,1909f56bfc062723c751e8b465ee728b)  -> (artifact id: '77cf0c7bce0328647a4173075fb6e028') in 0.008935 seconds
Number of updated asset objects reloaded before import = 0
Number of asset objects unloaded after import = 3
========================================================================
Received Import Request.
  Time since last request: 0.000030 seconds.
  path: Assets/Scenes/Maps/TilemapTemplate_6.asset
  artifactKey: Guid(8a7a147a831fd2748a24fec844c832bb) Importer(815301076,1909f56bfc062723c751e8b465ee728b)
Start importing Assets/Scenes/Maps/TilemapTemplate_6.asset using Guid(8a7a147a831fd2748a24fec844c832bb) Importer(815301076,1909f56bfc062723c751e8b465ee728b)  -> (artifact id: '5af566313507b4d2e353d272a38e2c84') in 0.020911 seconds
Number of updated asset objects reloaded before import = 0
Number of asset objects unloaded after import = 3
========================================================================
Received Import Request.
  Time since last request: 0.000032 seconds.
  path: Assets/Scenes/Maps/TilemapTemplate_47.asset
  artifactKey: Guid(02e479e30df97f542af15301234e4c47) Importer(815301076,1909f56bfc062723c751e8b465ee728b)
Start importing Assets/Scenes/Maps/TilemapTemplate_47.asset using Guid(02e479e30df97f542af15301234e4c47) Importer(815301076,1909f56bfc062723c751e8b465ee728b)  -> (artifact id: '594e144d89ed9033d8e231a23c6583c9') in 0.010342 seconds
Number of updated asset objects reloaded before import = 0
Number of asset objects unloaded after import = 3
========================================================================
Received Import Request.
  Time since last request: 0.000038 seconds.
  path: Assets/Scenes/Maps/TilemapTemplate_42.asset
  artifactKey: Guid(93e5db1eac7901b4dacb6c77ae0f91ef) Importer(815301076,1909f56bfc062723c751e8b465ee728b)
Start importing Assets/Scenes/Maps/TilemapTemplate_42.asset using Guid(93e5db1eac7901b4dacb6c77ae0f91ef) Importer(815301076,1909f56bfc062723c751e8b465ee728b)  -> (artifact id: 'e03b847a9c3bc278f291ee6f1b70a8ba') in 0.021220 seconds
Number of updated asset objects reloaded before import = 0
Number of asset objects unloaded after import = 3
========================================================================
Received Import Request.
  Time since last request: 0.000038 seconds.
  path: Assets/Scenes/Maps/TilemapTemplate_48.asset
  artifactKey: Guid(817ac5b496dc93e4fbead6c58a0643fc) Importer(815301076,1909f56bfc062723c751e8b465ee728b)
Start importing Assets/Scenes/Maps/TilemapTemplate_48.asset using Guid(817ac5b496dc93e4fbead6c58a0643fc) Importer(815301076,1909f56bfc062723c751e8b465ee728b)  -> (artifact id: 'affba596ad9c9832a7bf945247dd8869') in 0.017727 seconds
Number of updated asset objects reloaded before import = 0
Number of asset objects unloaded after import = 3
========================================================================
Received Import Request.
  Time since last request: 0.000028 seconds.
  path: Assets/Scenes/Maps/TilemapTemplate_39.asset
  artifactKey: Guid(c279573bf8e28ce4cb5343e25e052d65) Importer(815301076,1909f56bfc062723c751e8b465ee728b)
Start importing Assets/Scenes/Maps/TilemapTemplate_39.asset using Guid(c279573bf8e28ce4cb5343e25e052d65) Importer(815301076,1909f56bfc062723c751e8b465ee728b)  -> (artifact id: 'b78e49987e85b0c61edf0a3cca4015fc') in 0.017196 seconds
Number of updated asset objects reloaded before import = 0
Number of asset objects unloaded after import = 3
========================================================================
Received Import Request.
  Time since last request: 0.000032 seconds.
  path: Assets/Scenes/Maps/TilemapTemplate_55.asset
  artifactKey: Guid(40628f461fe7c34488b1c16b6bdf8459) Importer(815301076,1909f56bfc062723c751e8b465ee728b)
Start importing Assets/Scenes/Maps/TilemapTemplate_55.asset using Guid(40628f461fe7c34488b1c16b6bdf8459) Importer(815301076,1909f56bfc062723c751e8b465ee728b)  -> (artifact id: 'add98437e99cb855cb5a60de816cccf2') in 0.008328 seconds
Number of updated asset objects reloaded before import = 0
Number of asset objects unloaded after import = 3
========================================================================
Received Import Request.
  Time since last request: 0.000035 seconds.
  path: Assets/Scenes/Maps/TilemapTemplate_51.asset
  artifactKey: Guid(859397c06ea445b4288b2bca11de970b) Importer(815301076,1909f56bfc062723c751e8b465ee728b)
Start importing Assets/Scenes/Maps/TilemapTemplate_51.asset using Guid(859397c06ea445b4288b2bca11de970b) Importer(815301076,1909f56bfc062723c751e8b465ee728b)  -> (artifact id: 'debc68337905e303825af02835a1c56c') in 0.010423 seconds
Number of updated asset objects reloaded before import = 0
Number of asset objects unloaded after import = 3
========================================================================
Received Import Request.
  Time since last request: 0.000065 seconds.
  path: Assets/Scenes/Maps/TilemapTemplate_43.asset
  artifactKey: Guid(1ec9be8d216c5f645b0710f4184b93f8) Importer(815301076,1909f56bfc062723c751e8b465ee728b)
Start importing Assets/Scenes/Maps/TilemapTemplate_43.asset using Guid(1ec9be8d216c5f645b0710f4184b93f8) Importer(815301076,1909f56bfc062723c751e8b465ee728b)  -> (artifact id: '4b11faa814489b6cab98d2c69cb4865e') in 0.009276 seconds
Number of updated asset objects reloaded before import = 0
Number of asset objects unloaded after import = 3
========================================================================
Received Import Request.
  Time since last request: 0.000038 seconds.
  path: Assets/Scenes/Maps/TilemapTemplate_15.asset
  artifactKey: Guid(9c27b8a32d3573a45b5fe747e0638b6f) Importer(815301076,1909f56bfc062723c751e8b465ee728b)
Start importing Assets/Scenes/Maps/TilemapTemplate_15.asset using Guid(9c27b8a32d3573a45b5fe747e0638b6f) Importer(815301076,1909f56bfc062723c751e8b465ee728b)  -> (artifact id: 'f948b43d9063eed8101d0bd71a9036a3') in 0.020239 seconds
Number of updated asset objects reloaded before import = 0
Number of asset objects unloaded after import = 3
========================================================================
Received Import Request.
  Time since last request: 0.000027 seconds.
  path: Assets/Scenes/Maps/TilemapTemplate_45.asset
  artifactKey: Guid(468376221b3c1124ba90341b107fb0c3) Importer(815301076,1909f56bfc062723c751e8b465ee728b)
Start importing Assets/Scenes/Maps/TilemapTemplate_45.asset using Guid(468376221b3c1124ba90341b107fb0c3) Importer(815301076,1909f56bfc062723c751e8b465ee728b)  -> (artifact id: '1cb1b122155ffc88f7b4e95334736e8b') in 0.010815 seconds
Number of updated asset objects reloaded before import = 0
Number of asset objects unloaded after import = 3
========================================================================
Received Import Request.
  Time since last request: 0.000036 seconds.
  path: Assets/Scenes/Maps/TilemapTemplate_27.asset
  artifactKey: Guid(38b4d010312edc54aa3eb8becaa635f3) Importer(815301076,1909f56bfc062723c751e8b465ee728b)
Start importing Assets/Scenes/Maps/TilemapTemplate_27.asset using Guid(38b4d010312edc54aa3eb8becaa635f3) Importer(815301076,1909f56bfc062723c751e8b465ee728b)  -> (artifact id: '8194f1285e8462d22267cfcfad5b1761') in 0.021096 seconds
Number of updated asset objects reloaded before import = 0
Number of asset objects unloaded after import = 3
========================================================================
Received Import Request.
  Time since last request: 0.000033 seconds.
  path: Assets/Scenes/Maps/TilemapTemplate_56.asset
  artifactKey: Guid(955d5a10acb4148499f48eaeae74a77f) Importer(815301076,1909f56bfc062723c751e8b465ee728b)
Start importing Assets/Scenes/Maps/TilemapTemplate_56.asset using Guid(955d5a10acb4148499f48eaeae74a77f) Importer(815301076,1909f56bfc062723c751e8b465ee728b)  -> (artifact id: '8105bdbab67b3eaacb6cd2586b597333') in 0.011927 seconds
Number of updated asset objects reloaded before import = 0
Number of asset objects unloaded after import = 3
========================================================================
Received Import Request.
  Time since last request: 0.000052 seconds.
  path: Assets/Scenes/Maps/TilemapTemplate_53.asset
  artifactKey: Guid(132355ac990c8ab4490e9215d05640a3) Importer(815301076,1909f56bfc062723c751e8b465ee728b)
Start importing Assets/Scenes/Maps/TilemapTemplate_53.asset using Guid(132355ac990c8ab4490e9215d05640a3) Importer(815301076,1909f56bfc062723c751e8b465ee728b)  -> (artifact id: '88764894351f828de8b7970ec2ff8dcf') in 0.009523 seconds
Number of updated asset objects reloaded before import = 0
Number of asset objects unloaded after import = 3
========================================================================
Received Import Request.
  Time since last request: 0.000034 seconds.
  path: Assets/Scenes/Maps/TilemapTemplate_13.asset
  artifactKey: Guid(16557e7a04230174a819c01e7c0016de) Importer(815301076,1909f56bfc062723c751e8b465ee728b)
Start importing Assets/Scenes/Maps/TilemapTemplate_13.asset using Guid(16557e7a04230174a819c01e7c0016de) Importer(815301076,1909f56bfc062723c751e8b465ee728b)  -> (artifact id: '6fafe85c05307b8eee2756cd13f45639') in 0.016020 seconds
Number of updated asset objects reloaded before import = 0
Number of asset objects unloaded after import = 3
========================================================================
Received Import Request.
  Time since last request: 0.000048 seconds.
  path: Assets/Scenes/Maps/TilemapTemplate_49.asset
  artifactKey: Guid(0d93eaf5d40ef944d81709961e3276e6) Importer(815301076,1909f56bfc062723c751e8b465ee728b)
Start importing Assets/Scenes/Maps/TilemapTemplate_49.asset using Guid(0d93eaf5d40ef944d81709961e3276e6) Importer(815301076,1909f56bfc062723c751e8b465ee728b)  -> (artifact id: '5eb95c2a8c76ac29d70f96a533342f1c') in 0.009728 seconds
Number of updated asset objects reloaded before import = 0
Number of asset objects unloaded after import = 3
========================================================================
Received Import Request.
  Time since last request: 0.000025 seconds.
  path: Assets/Scenes/Maps/TilemapTemplate_17.asset
  artifactKey: Guid(dbc89a55e2697ad4f8bc11e366769fee) Importer(815301076,1909f56bfc062723c751e8b465ee728b)
Start importing Assets/Scenes/Maps/TilemapTemplate_17.asset using Guid(dbc89a55e2697ad4f8bc11e366769fee) Importer(815301076,1909f56bfc062723c751e8b465ee728b)  -> (artifact id: 'f37de69addba7c7cf09d4e432894af85') in 0.010076 seconds
Number of updated asset objects reloaded before import = 0
Number of asset objects unloaded after import = 3
========================================================================
Received Import Request.
  Time since last request: 0.000037 seconds.
  path: Assets/Scenes/Maps/TilemapTemplate_58.asset
  artifactKey: Guid(51a6b949e0b1bdd4bbfdce81c91a310b) Importer(815301076,1909f56bfc062723c751e8b465ee728b)
Start importing Assets/Scenes/Maps/TilemapTemplate_58.asset using Guid(51a6b949e0b1bdd4bbfdce81c91a310b) Importer(815301076,1909f56bfc062723c751e8b465ee728b)  -> (artifact id: '9c1aa7bc8a15d845d887d0ae2b28f217') in 0.009669 seconds
Number of updated asset objects reloaded before import = 0
Number of asset objects unloaded after import = 3
========================================================================
Received Import Request.
  Time since last request: 0.000039 seconds.
  path: Assets/Scenes/Maps/TilemapTemplate_14.asset
  artifactKey: Guid(9d5e0cf62c2216e4d8c69a0d02a76325) Importer(815301076,1909f56bfc062723c751e8b465ee728b)
Start importing Assets/Scenes/Maps/TilemapTemplate_14.asset using Guid(9d5e0cf62c2216e4d8c69a0d02a76325) Importer(815301076,1909f56bfc062723c751e8b465ee728b)  -> (artifact id: 'c32e927b5947bb32767758d9a0df124c') in 0.020029 seconds
Number of updated asset objects reloaded before import = 0
Number of asset objects unloaded after import = 3
========================================================================
Received Import Request.
  Time since last request: 0.000031 seconds.
  path: Assets/Scenes/Maps/TilemapTemplate_8.asset
  artifactKey: Guid(6e81e01135a57d84fa8c376de4f3654a) Importer(815301076,1909f56bfc062723c751e8b465ee728b)
Start importing Assets/Scenes/Maps/TilemapTemplate_8.asset using Guid(6e81e01135a57d84fa8c376de4f3654a) Importer(815301076,1909f56bfc062723c751e8b465ee728b)  -> (artifact id: '30491c830c92bd188b5d2ad49e44feea') in 0.017736 seconds
Number of updated asset objects reloaded before import = 0
Number of asset objects unloaded after import = 3
========================================================================
Received Import Request.
  Time since last request: 0.000023 seconds.
  path: Assets/Scenes/Maps/TilemapTemplate_35.asset
  artifactKey: Guid(0ba03a5661bd7b0488d32df82ca20bd7) Importer(815301076,1909f56bfc062723c751e8b465ee728b)
Start importing Assets/Scenes/Maps/TilemapTemplate_35.asset using Guid(0ba03a5661bd7b0488d32df82ca20bd7) Importer(815301076,1909f56bfc062723c751e8b465ee728b)  -> (artifact id: 'e64c8896feb0961c528f76e30347802b') in 0.009554 seconds
Number of updated asset objects reloaded before import = 0
Number of asset objects unloaded after import = 3
========================================================================
Received Import Request.
  Time since last request: 0.000047 seconds.
  path: Assets/Scenes/Maps/TilemapTemplate_54.asset
  artifactKey: Guid(7358797664b730348b23325c2c37c3b0) Importer(815301076,1909f56bfc062723c751e8b465ee728b)
Start importing Assets/Scenes/Maps/TilemapTemplate_54.asset using Guid(7358797664b730348b23325c2c37c3b0) Importer(815301076,1909f56bfc062723c751e8b465ee728b)  -> (artifact id: '69bf4e862d8e1d492072b6cdb78d3a0b') in 0.009779 seconds
Number of updated asset objects reloaded before import = 0
Number of asset objects unloaded after import = 3
========================================================================
Received Import Request.
  Time since last request: 0.000070 seconds.
  path: Assets/Scenes/Maps/TilemapTemplate_46.asset
  artifactKey: Guid(8bcaa960c9ea6b442b9f5824825ff5bf) Importer(815301076,1909f56bfc062723c751e8b465ee728b)
Start importing Assets/Scenes/Maps/TilemapTemplate_46.asset using Guid(8bcaa960c9ea6b442b9f5824825ff5bf) Importer(815301076,1909f56bfc062723c751e8b465ee728b)  -> (artifact id: '27942e8f84b1f9eac2f91e0288ba085d') in 0.010427 seconds
Number of updated asset objects reloaded before import = 0
Number of asset objects unloaded after import = 3
========================================================================
Received Import Request.
  Time since last request: 0.000041 seconds.
  path: Assets/Scenes/Maps/TilemapTemplate_11.asset
  artifactKey: Guid(7887c129cce9fb64a99bb130fec0ac72) Importer(815301076,1909f56bfc062723c751e8b465ee728b)
Start importing Assets/Scenes/Maps/TilemapTemplate_11.asset using Guid(7887c129cce9fb64a99bb130fec0ac72) Importer(815301076,1909f56bfc062723c751e8b465ee728b)  -> (artifact id: 'cbf16ebd86e2d6d73d75991ed4750e1f') in 0.020360 seconds
Number of updated asset objects reloaded before import = 0
Number of asset objects unloaded after import = 3
========================================================================
Received Import Request.
  Time since last request: 0.000033 seconds.
  path: Assets/Scenes/Maps/TilemapTemplate_63.asset
  artifactKey: Guid(5d8946e34153452409a486e9af8866f4) Importer(815301076,1909f56bfc062723c751e8b465ee728b)
Start importing Assets/Scenes/Maps/TilemapTemplate_63.asset using Guid(5d8946e34153452409a486e9af8866f4) Importer(815301076,1909f56bfc062723c751e8b465ee728b)  -> (artifact id: '87f0abbc2b2812e3a42342639f365907') in 0.015527 seconds
Number of updated asset objects reloaded before import = 0
Number of asset objects unloaded after import = 3
========================================================================
Received Import Request.
  Time since last request: 4.878868 seconds.
  path: Assets/Scenes/Maps/Tilemaps/TilemapTemplate_1.asset
  artifactKey: Guid(600151e9a574f0e40bc6864da3a7e30a) Importer(815301076,1909f56bfc062723c751e8b465ee728b)
Start importing Assets/Scenes/Maps/Tilemaps/TilemapTemplate_1.asset using Guid(600151e9a574f0e40bc6864da3a7e30a) Importer(815301076,1909f56bfc062723c751e8b465ee728b)  -> (artifact id: '8c4d7d50402ef8ecb5506602d37719f5') in 0.009189 seconds
Number of updated asset objects reloaded before import = 0
Number of asset objects unloaded after import = 3
========================================================================
Received Import Request.
  Time since last request: 0.000029 seconds.
  path: Assets/Scenes/Maps/Tilemaps/TilemapTemplate_7.asset
  artifactKey: Guid(68023e46ddffdc142ac95d01dd2da732) Importer(815301076,1909f56bfc062723c751e8b465ee728b)
Start importing Assets/Scenes/Maps/Tilemaps/TilemapTemplate_7.asset using Guid(68023e46ddffdc142ac95d01dd2da732) Importer(815301076,1909f56bfc062723c751e8b465ee728b)  -> (artifact id: '6bd0d57b4d81302376ffc2e6a9cb194c') in 0.010226 seconds
Number of updated asset objects reloaded before import = 0
Number of asset objects unloaded after import = 3
========================================================================
Received Import Request.
  Time since last request: 0.000027 seconds.
  path: Assets/Scenes/Maps/Tilemaps/TilemapTemplate_11.asset
  artifactKey: Guid(9a02f609d186f3d46a819498b006edb9) Importer(815301076,1909f56bfc062723c751e8b465ee728b)
Start importing Assets/Scenes/Maps/Tilemaps/TilemapTemplate_11.asset using Guid(9a02f609d186f3d46a819498b006edb9) Importer(815301076,1909f56bfc062723c751e8b465ee728b)  -> (artifact id: '516d67ad79115799da2ec25c39893a2b') in 0.011398 seconds
Number of updated asset objects reloaded before import = 0
Number of asset objects unloaded after import = 3
========================================================================
Received Import Request.
  Time since last request: 0.000029 seconds.
  path: Assets/Scenes/Maps/Tilemaps/TilemapTemplate_24.asset
  artifactKey: Guid(1b8549b5b484a88429153c3a2bc46e6a) Importer(815301076,1909f56bfc062723c751e8b465ee728b)
Start importing Assets/Scenes/Maps/Tilemaps/TilemapTemplate_24.asset using Guid(1b8549b5b484a88429153c3a2bc46e6a) Importer(815301076,1909f56bfc062723c751e8b465ee728b)  -> (artifact id: '6ca1e2ebecba53db9160b16910dc3f59') in 0.010419 seconds
Number of updated asset objects reloaded before import = 0
Number of asset objects unloaded after import = 3
========================================================================
Received Import Request.
  Time since last request: 0.000030 seconds.
  path: Assets/Scenes/Maps/Tilemaps/TilemapTemplate_26.asset
  artifactKey: Guid(b38d8cd84935e3848bbc4344ad947b43) Importer(815301076,1909f56bfc062723c751e8b465ee728b)
Start importing Assets/Scenes/Maps/Tilemaps/TilemapTemplate_26.asset using Guid(b38d8cd84935e3848bbc4344ad947b43) Importer(815301076,1909f56bfc062723c751e8b465ee728b)  -> (artifact id: 'dac6b86a13daccf89b4fe452d8a09a74') in 0.010630 seconds
Number of updated asset objects reloaded before import = 0
Number of asset objects unloaded after import = 3
========================================================================
Received Import Request.
  Time since last request: 0.000022 seconds.
  path: Assets/Scenes/Maps/Tilemaps/TilemapTemplate_38.asset
  artifactKey: Guid(1902d21df207c994d895b11be82fc339) Importer(815301076,1909f56bfc062723c751e8b465ee728b)
Start importing Assets/Scenes/Maps/Tilemaps/TilemapTemplate_38.asset using Guid(1902d21df207c994d895b11be82fc339) Importer(815301076,1909f56bfc062723c751e8b465ee728b)  -> (artifact id: '59c20c8628118badab384478414b8416') in 0.010320 seconds
Number of updated asset objects reloaded before import = 0
Number of asset objects unloaded after import = 3
========================================================================
Received Import Request.
  Time since last request: 0.000024 seconds.
  path: Assets/Scenes/Maps/Tilemaps/TilemapTemplate_41.asset
  artifactKey: Guid(514c4e2672da0b44faa97e5443bf626e) Importer(815301076,1909f56bfc062723c751e8b465ee728b)
Start importing Assets/Scenes/Maps/Tilemaps/TilemapTemplate_41.asset using Guid(514c4e2672da0b44faa97e5443bf626e) Importer(815301076,1909f56bfc062723c751e8b465ee728b)  -> (artifact id: '75a9a05c24a9e78a52f71217cd34b515') in 0.009566 seconds
Number of updated asset objects reloaded before import = 0
Number of asset objects unloaded after import = 3
========================================================================
Received Import Request.
  Time since last request: 0.000044 seconds.
  path: Assets/Scenes/Maps/Tilemaps/TilemapTemplate_47.asset
  artifactKey: Guid(62b5db7536036e84babdcc70a6cd797f) Importer(815301076,1909f56bfc062723c751e8b465ee728b)
Start importing Assets/Scenes/Maps/Tilemaps/TilemapTemplate_47.asset using Guid(62b5db7536036e84babdcc70a6cd797f) Importer(815301076,1909f56bfc062723c751e8b465ee728b)  -> (artifact id: '11211f02ed3033e655f1c905b08088a6') in 0.010980 seconds
Number of updated asset objects reloaded before import = 0
Number of asset objects unloaded after import = 3
========================================================================
Received Import Request.
  Time since last request: 0.000035 seconds.
  path: Assets/Scenes/Maps/Tilemaps/TilemapTemplate_61.asset
  artifactKey: Guid(8f45a6e981f776f40995acc6acfe57f9) Importer(815301076,1909f56bfc062723c751e8b465ee728b)
Start importing Assets/Scenes/Maps/Tilemaps/TilemapTemplate_61.asset using Guid(8f45a6e981f776f40995acc6acfe57f9) Importer(815301076,1909f56bfc062723c751e8b465ee728b)  -> (artifact id: '41302321559e5e289f6606a7a8bf9259') in 0.011565 seconds
Number of updated asset objects reloaded before import = 0
Number of asset objects unloaded after import = 3
========================================================================
Received Import Request.
  Time since last request: 0.000035 seconds.
  path: Assets/Scenes/Maps/Tilemaps/TilemapTemplate_37.asset
  artifactKey: Guid(7d80689033761654bae564a88a271fed) Importer(815301076,1909f56bfc062723c751e8b465ee728b)
Start importing Assets/Scenes/Maps/Tilemaps/TilemapTemplate_37.asset using Guid(7d80689033761654bae564a88a271fed) Importer(815301076,1909f56bfc062723c751e8b465ee728b)  -> (artifact id: '9bc4e16860e5ba6bf5dcfbfe5b2604ab') in 0.010988 seconds
Number of updated asset objects reloaded before import = 0
Number of asset objects unloaded after import = 3
========================================================================
Received Import Request.
  Time since last request: 0.000042 seconds.
  path: Assets/Scenes/Maps/Tilemaps/TilemapTemplate_8.asset
  artifactKey: Guid(8ed4567d9bdc5f248b0073e60892d077) Importer(815301076,1909f56bfc062723c751e8b465ee728b)
Start importing Assets/Scenes/Maps/Tilemaps/TilemapTemplate_8.asset using Guid(8ed4567d9bdc5f248b0073e60892d077) Importer(815301076,1909f56bfc062723c751e8b465ee728b)  -> (artifact id: 'd2cc3f68a1cb813a5f1d59e35db78842') in 0.009223 seconds
Number of updated asset objects reloaded before import = 0
Number of asset objects unloaded after import = 3
========================================================================
Received Import Request.
  Time since last request: 0.000046 seconds.
  path: Assets/Scenes/Maps/Tilemaps/TilemapTemplate_21.asset
  artifactKey: Guid(5f2db7e413e633b409b661b243ee30b0) Importer(815301076,1909f56bfc062723c751e8b465ee728b)
Start importing Assets/Scenes/Maps/Tilemaps/TilemapTemplate_21.asset using Guid(5f2db7e413e633b409b661b243ee30b0) Importer(815301076,1909f56bfc062723c751e8b465ee728b)  -> (artifact id: 'ec1cdeac22afdccb3ecce9c7cf844a36') in 0.010998 seconds
Number of updated asset objects reloaded before import = 0
Number of asset objects unloaded after import = 3
========================================================================
Received Import Request.
  Time since last request: 0.000024 seconds.
  path: Assets/Scenes/Maps/Tilemaps/TilemapTemplate_57.asset
  artifactKey: Guid(4bac56da5afc9764caa6aac95940dc39) Importer(815301076,1909f56bfc062723c751e8b465ee728b)
Start importing Assets/Scenes/Maps/Tilemaps/TilemapTemplate_57.asset using Guid(4bac56da5afc9764caa6aac95940dc39) Importer(815301076,1909f56bfc062723c751e8b465ee728b)  -> (artifact id: '0809772648aaffcf755169d999ca2f36') in 0.010008 seconds
Number of updated asset objects reloaded before import = 0
Number of asset objects unloaded after import = 3
========================================================================
Received Import Request.
  Time since last request: 0.000027 seconds.
  path: Assets/Scenes/Maps/Tilemaps/TilemapTemplate_5.asset
  artifactKey: Guid(4245910c7049cc843a2172afaa1a77df) Importer(815301076,1909f56bfc062723c751e8b465ee728b)
Start importing Assets/Scenes/Maps/Tilemaps/TilemapTemplate_5.asset using Guid(4245910c7049cc843a2172afaa1a77df) Importer(815301076,1909f56bfc062723c751e8b465ee728b)  -> (artifact id: '6da7c0be88a6b95c31e72bf187ef4431') in 0.009101 seconds
Number of updated asset objects reloaded before import = 0
Number of asset objects unloaded after import = 3
========================================================================
Received Import Request.
  Time since last request: 0.000223 seconds.
  path: Assets/Scenes/Maps/Tilemaps/TilemapTemplate_29.asset
  artifactKey: Guid(4ffcbfc17def8d648a46f418c002071a) Importer(815301076,1909f56bfc062723c751e8b465ee728b)
Start importing Assets/Scenes/Maps/Tilemaps/TilemapTemplate_29.asset using Guid(4ffcbfc17def8d648a46f418c002071a) Importer(815301076,1909f56bfc062723c751e8b465ee728b)  -> (artifact id: 'd7e6c33852c19e67ab33416d734bdcfb') in 0.008190 seconds
Number of updated asset objects reloaded before import = 0
Number of asset objects unloaded after import = 3
========================================================================
Received Import Request.
  Time since last request: 0.000032 seconds.
  path: Assets/Scenes/Maps/Tilemaps/TilemapTemplate_34.asset
  artifactKey: Guid(60ff10eee9f5f7240b914db34239941b) Importer(815301076,1909f56bfc062723c751e8b465ee728b)
Start importing Assets/Scenes/Maps/Tilemaps/TilemapTemplate_34.asset using Guid(60ff10eee9f5f7240b914db34239941b) Importer(815301076,1909f56bfc062723c751e8b465ee728b)  -> (artifact id: '2b9d738bb1706630ab98b15a23043149') in 0.009915 seconds
Number of updated asset objects reloaded before import = 0
Number of asset objects unloaded after import = 3
========================================================================
Received Import Request.
  Time since last request: 0.000030 seconds.
  path: Assets/Scenes/Maps/Tilemaps/TilemapTemplate_63.asset
  artifactKey: Guid(118abffe32806fe43869b82217774f86) Importer(815301076,1909f56bfc062723c751e8b465ee728b)
Start importing Assets/Scenes/Maps/Tilemaps/TilemapTemplate_63.asset using Guid(118abffe32806fe43869b82217774f86) Importer(815301076,1909f56bfc062723c751e8b465ee728b)  -> (artifact id: '400095bcfbdaa59e40e3a385b433c4a7') in 0.009832 seconds
Number of updated asset objects reloaded before import = 0
Number of asset objects unloaded after import = 3
========================================================================
Received Import Request.
  Time since last request: 0.000031 seconds.
  path: Assets/Scenes/Maps/Tilemaps/TilemapTemplate_35.asset
  artifactKey: Guid(522817858b8e6b74e9ed91361c315c2b) Importer(815301076,1909f56bfc062723c751e8b465ee728b)
Start importing Assets/Scenes/Maps/Tilemaps/TilemapTemplate_35.asset using Guid(522817858b8e6b74e9ed91361c315c2b) Importer(815301076,1909f56bfc062723c751e8b465ee728b)  -> (artifact id: '9f86f803243ea68eba2afa35d4904284') in 0.009389 seconds
Number of updated asset objects reloaded before import = 0
Number of asset objects unloaded after import = 3
========================================================================
Received Import Request.
  Time since last request: 0.000029 seconds.
  path: Assets/Scenes/Maps/Tilemaps/TilemapTemplate_46.asset
  artifactKey: Guid(0e9969b0f2e731a4a97eeef84188a847) Importer(815301076,1909f56bfc062723c751e8b465ee728b)
Start importing Assets/Scenes/Maps/Tilemaps/TilemapTemplate_46.asset using Guid(0e9969b0f2e731a4a97eeef84188a847) Importer(815301076,1909f56bfc062723c751e8b465ee728b)  -> (artifact id: 'cf5c52c8f442a282edca1c8c47c6ea27') in 0.009885 seconds
Number of updated asset objects reloaded before import = 0
Number of asset objects unloaded after import = 3
========================================================================
Received Import Request.
  Time since last request: 0.000026 seconds.
  path: Assets/Scenes/Maps/Tilemaps/TilemapTemplate_40.asset
  artifactKey: Guid(163ab662b4ce5be489c9ed086604b959) Importer(815301076,1909f56bfc062723c751e8b465ee728b)
Start importing Assets/Scenes/Maps/Tilemaps/TilemapTemplate_40.asset using Guid(163ab662b4ce5be489c9ed086604b959) Importer(815301076,1909f56bfc062723c751e8b465ee728b)  -> (artifact id: 'c9b404a9f7038e9b58ac7e6e84cfc802') in 0.010980 seconds
Number of updated asset objects reloaded before import = 0
Number of asset objects unloaded after import = 3
========================================================================
Received Import Request.
  Time since last request: 0.000030 seconds.
  path: Assets/Scenes/Maps/Tilemaps/TilemapTemplate_60.asset
  artifactKey: Guid(37fc85ff80af4774eae40257e1e72570) Importer(815301076,1909f56bfc062723c751e8b465ee728b)
Start importing Assets/Scenes/Maps/Tilemaps/TilemapTemplate_60.asset using Guid(37fc85ff80af4774eae40257e1e72570) Importer(815301076,1909f56bfc062723c751e8b465ee728b)  -> (artifact id: '9a7b1997e02c3ac80ab3f8b01c349058') in 0.009299 seconds
Number of updated asset objects reloaded before import = 0
Number of asset objects unloaded after import = 3
========================================================================
Received Import Request.
  Time since last request: 0.000032 seconds.
  path: Assets/Scenes/Maps/Tilemaps/TilemapTemplate_51.asset
  artifactKey: Guid(ddf6eab4d61af664d95798dc78a8771a) Importer(815301076,1909f56bfc062723c751e8b465ee728b)
Start importing Assets/Scenes/Maps/Tilemaps/TilemapTemplate_51.asset using Guid(ddf6eab4d61af664d95798dc78a8771a) Importer(815301076,1909f56bfc062723c751e8b465ee728b)  -> (artifact id: 'b5eea69e0ed3d2681e323bc7a789b417') in 0.009111 seconds
Number of updated asset objects reloaded before import = 0
Number of asset objects unloaded after import = 3
========================================================================
Received Import Request.
  Time since last request: 0.000036 seconds.
  path: Assets/Scenes/Maps/Tilemaps/TilemapTemplate_58.asset
  artifactKey: Guid(8b5592360d585224ca8a519a9457dac7) Importer(815301076,1909f56bfc062723c751e8b465ee728b)
Start importing Assets/Scenes/Maps/Tilemaps/TilemapTemplate_58.asset using Guid(8b5592360d585224ca8a519a9457dac7) Importer(815301076,1909f56bfc062723c751e8b465ee728b)  -> (artifact id: '454494fabca6c4b236f5a904fb779cf1') in 0.011099 seconds
Number of updated asset objects reloaded before import = 0
Number of asset objects unloaded after import = 3
========================================================================
Received Import Request.
  Time since last request: 0.000036 seconds.
  path: Assets/Scenes/Maps/Tilemaps/TilemapTemplate_56.asset
  artifactKey: Guid(c32888baf04451b4895821df5941dfb7) Importer(815301076,1909f56bfc062723c751e8b465ee728b)
Start importing Assets/Scenes/Maps/Tilemaps/TilemapTemplate_56.asset using Guid(c32888baf04451b4895821df5941dfb7) Importer(815301076,1909f56bfc062723c751e8b465ee728b)  -> (artifact id: 'fb317dc2748b2942a792bb62ab417dbd') in 0.012085 seconds
Number of updated asset objects reloaded before import = 0
Number of asset objects unloaded after import = 3
========================================================================
Received Import Request.
  Time since last request: 0.000026 seconds.
  path: Assets/Scenes/Maps/Tilemaps/TilemapTemplate_3.asset
  artifactKey: Guid(b4a095f366b84af45a5ec6517ae2f4d9) Importer(815301076,1909f56bfc062723c751e8b465ee728b)
Start importing Assets/Scenes/Maps/Tilemaps/TilemapTemplate_3.asset using Guid(b4a095f366b84af45a5ec6517ae2f4d9) Importer(815301076,1909f56bfc062723c751e8b465ee728b)  -> (artifact id: '56fef6a44a4ae8a9c7fbccfa11542bc2') in 0.009801 seconds
Number of updated asset objects reloaded before import = 0
Number of asset objects unloaded after import = 3
========================================================================
Received Import Request.
  Time since last request: 0.000065 seconds.
  path: Assets/Scenes/Maps/Tilemaps/TilemapTemplate_16.asset
  artifactKey: Guid(db388bf4c3d672044ac88e7e028569e9) Importer(815301076,1909f56bfc062723c751e8b465ee728b)
Start importing Assets/Scenes/Maps/Tilemaps/TilemapTemplate_16.asset using Guid(db388bf4c3d672044ac88e7e028569e9) Importer(815301076,1909f56bfc062723c751e8b465ee728b)  -> (artifact id: '9b20fa69230d9708762162972dca09bd') in 0.009701 seconds
Number of updated asset objects reloaded before import = 0
Number of asset objects unloaded after import = 3
========================================================================
Received Import Request.
  Time since last request: 0.000050 seconds.
  path: Assets/Scenes/Maps/Tilemaps/TilemapTemplate_4.asset
  artifactKey: Guid(7c0339455e0b4e24fbe29da99283cf0e) Importer(815301076,1909f56bfc062723c751e8b465ee728b)
Start importing Assets/Scenes/Maps/Tilemaps/TilemapTemplate_4.asset using Guid(7c0339455e0b4e24fbe29da99283cf0e) Importer(815301076,1909f56bfc062723c751e8b465ee728b)  -> (artifact id: '3aeb85c9c1ad40916a4ec30103e5cbb3') in 0.010133 seconds
Number of updated asset objects reloaded before import = 0
Number of asset objects unloaded after import = 3
========================================================================
Received Import Request.
  Time since last request: 0.000040 seconds.
  path: Assets/Scenes/Maps/Tilemaps/TilemapTemplate_53.asset
  artifactKey: Guid(62989370686db05479839ba4414b2eaf) Importer(815301076,1909f56bfc062723c751e8b465ee728b)
Start importing Assets/Scenes/Maps/Tilemaps/TilemapTemplate_53.asset using Guid(62989370686db05479839ba4414b2eaf) Importer(815301076,1909f56bfc062723c751e8b465ee728b)  -> (artifact id: '3d9cf464fff24480ab55fcee0efa3603') in 0.010253 seconds
Number of updated asset objects reloaded before import = 0
Number of asset objects unloaded after import = 3
========================================================================
Received Import Request.
  Time since last request: 0.000031 seconds.
  path: Assets/Scenes/Maps/Tilemaps/TilemapTemplate_39.asset
  artifactKey: Guid(d5a6df1c27b39dc409d9222299b9329d) Importer(815301076,1909f56bfc062723c751e8b465ee728b)
Start importing Assets/Scenes/Maps/Tilemaps/TilemapTemplate_39.asset using Guid(d5a6df1c27b39dc409d9222299b9329d) Importer(815301076,1909f56bfc062723c751e8b465ee728b)  -> (artifact id: '9e317260b03471e6148549b90fbfaa14') in 0.011755 seconds
Number of updated asset objects reloaded before import = 0
Number of asset objects unloaded after import = 3
========================================================================
Received Import Request.
  Time since last request: 0.000026 seconds.
  path: Assets/Scenes/Maps/Tilemaps/TilemapTemplate_25.asset
  artifactKey: Guid(e60abd5f232ab0a499530d5cba678297) Importer(815301076,1909f56bfc062723c751e8b465ee728b)
Start importing Assets/Scenes/Maps/Tilemaps/TilemapTemplate_25.asset using Guid(e60abd5f232ab0a499530d5cba678297) Importer(815301076,1909f56bfc062723c751e8b465ee728b)  -> (artifact id: 'ae90f2d1adae74833e2d4a10582cb61e') in 0.009633 seconds
Number of updated asset objects reloaded before import = 0
Number of asset objects unloaded after import = 3
========================================================================
Received Import Request.
  Time since last request: 0.000055 seconds.
  path: Assets/Scenes/Maps/Tilemaps/TilemapTemplate_45.asset
  artifactKey: Guid(afb1f386633d6f346997ff275c333681) Importer(815301076,1909f56bfc062723c751e8b465ee728b)
Start importing Assets/Scenes/Maps/Tilemaps/TilemapTemplate_45.asset using Guid(afb1f386633d6f346997ff275c333681) Importer(815301076,1909f56bfc062723c751e8b465ee728b)  -> (artifact id: '7c68b07bd13dc1e582ae7933cfe8798c') in 0.011651 seconds
Number of updated asset objects reloaded before import = 0
Number of asset objects unloaded after import = 3
========================================================================
Received Import Request.
  Time since last request: 0.000029 seconds.
  path: Assets/Scenes/Maps/Tilemaps/TilemapTemplate_43.asset
  artifactKey: Guid(806fb5c177044be418d5dd6d5aa6ff70) Importer(815301076,1909f56bfc062723c751e8b465ee728b)
Start importing Assets/Scenes/Maps/Tilemaps/TilemapTemplate_43.asset using Guid(806fb5c177044be418d5dd6d5aa6ff70) Importer(815301076,1909f56bfc062723c751e8b465ee728b)  -> (artifact id: '0a00a55264dfb88f657283b57a2764fc') in 0.009725 seconds
Number of updated asset objects reloaded before import = 0
Number of asset objects unloaded after import = 3
========================================================================
Received Import Request.
  Time since last request: 0.000032 seconds.
  path: Assets/Scenes/Maps/Tilemaps/TilemapTemplate_54.asset
  artifactKey: Guid(726b93382e21b1b43802c3ee803d7108) Importer(815301076,1909f56bfc062723c751e8b465ee728b)
Start importing Assets/Scenes/Maps/Tilemaps/TilemapTemplate_54.asset using Guid(726b93382e21b1b43802c3ee803d7108) Importer(815301076,1909f56bfc062723c751e8b465ee728b)  -> (artifact id: 'd9e46ea5786757e2ccc84fed6e2a47b4') in 0.009089 seconds
Number of updated asset objects reloaded before import = 0
Number of asset objects unloaded after import = 3
========================================================================
Received Import Request.
  Time since last request: 538.552107 seconds.
  path: Assets/Scenes/Maps/TestingTilemap.prefab
  artifactKey: Guid(44720cb9c0aa7324ea40aaf033033722) Importer(815301076,1909f56bfc062723c751e8b465ee728b)
Start importing Assets/Scenes/Maps/TestingTilemap.prefab using Guid(44720cb9c0aa7324ea40aaf033033722) Importer(815301076,1909f56bfc062723c751e8b465ee728b)  -> (artifact id: 'af956f975291e0843ea82bd9a016ea8a') in 0.072465 seconds
Number of updated asset objects reloaded before import = 0
Number of asset objects unloaded after import = 138
========================================================================
Received Import Request.
  Time since last request: 338.730360 seconds.
  path: Assets/Scenes/Maps/TestingTilemap.prefab
  artifactKey: Guid(44720cb9c0aa7324ea40aaf033033722) Importer(815301076,1909f56bfc062723c751e8b465ee728b)
Start importing Assets/Scenes/Maps/TestingTilemap.prefab using Guid(44720cb9c0aa7324ea40aaf033033722) Importer(815301076,1909f56bfc062723c751e8b465ee728b)  -> (artifact id: '20af4220ee7d1db7c4929a700816f638') in 0.069488 seconds
Number of updated asset objects reloaded before import = 0
Number of asset objects unloaded after import = 137
========================================================================
Received Import Request.
  Time since last request: 1659.611461 seconds.
  path: Assets/Scenes/Maps/TestingTilemap.prefab
  artifactKey: Guid(44720cb9c0aa7324ea40aaf033033722) Importer(815301076,1909f56bfc062723c751e8b465ee728b)
Start importing Assets/Scenes/Maps/TestingTilemap.prefab using Guid(44720cb9c0aa7324ea40aaf033033722) Importer(815301076,1909f56bfc062723c751e8b465ee728b)  -> (artifact id: 'be91406a91668507befce5f3153c9d6b') in 0.068637 seconds
Number of updated asset objects reloaded before import = 0
Number of asset objects unloaded after import = 137
========================================================================
Received Import Request.
  Time since last request: 1883.966581 seconds.
  path: Assets/Scenes/Maps/Tilemaps/TilemapTemplate_1.asset
  artifactKey: Guid(c83a65fc8c9491a4a9b2c593120c143c) Importer(815301076,1909f56bfc062723c751e8b465ee728b)
Start importing Assets/Scenes/Maps/Tilemaps/TilemapTemplate_1.asset using Guid(c83a65fc8c9491a4a9b2c593120c143c) Importer(815301076,1909f56bfc062723c751e8b465ee728b)  -> (artifact id: '37a7dde08d86d5b3265b0c460fd23322') in 0.042851 seconds
Number of updated asset objects reloaded before import = 0
Number of asset objects unloaded after import = 3
========================================================================
Received Import Request.
  Time since last request: 0.016973 seconds.
  path: Assets/Scenes/Maps/Tilemaps/TilemapTemplate_7.asset
  artifactKey: Guid(c3cd2220dcbb2844594e49432a65381b) Importer(815301076,1909f56bfc062723c751e8b465ee728b)
Start importing Assets/Scenes/Maps/Tilemaps/TilemapTemplate_7.asset using Guid(c3cd2220dcbb2844594e49432a65381b) Importer(815301076,1909f56bfc062723c751e8b465ee728b)  -> (artifact id: 'd405eb5fb4c072bdca84d30f02192bf6') in 0.014070 seconds
Number of updated asset objects reloaded before import = 0
Number of asset objects unloaded after import = 3
========================================================================
Received Import Request.
  Time since last request: 0.000033 seconds.
  path: Assets/Scenes/Maps/Tilemaps/TilemapTemplate_18.asset
  artifactKey: Guid(609688ee7ea6d854dbde2668ac01a450) Importer(815301076,1909f56bfc062723c751e8b465ee728b)
Start importing Assets/Scenes/Maps/Tilemaps/TilemapTemplate_18.asset using Guid(609688ee7ea6d854dbde2668ac01a450) Importer(815301076,1909f56bfc062723c751e8b465ee728b)  -> (artifact id: '237a4cc105908e90bcf2def8c7d51ef6') in 0.018155 seconds
Number of updated asset objects reloaded before import = 0
Number of asset objects unloaded after import = 3
========================================================================
Received Import Request.
  Time since last request: 0.000030 seconds.
  path: Assets/Scenes/Maps/Tilemaps/TilemapTemplate_16.asset
  artifactKey: Guid(f189d6fc765345c4e9da4105a7452763) Importer(815301076,1909f56bfc062723c751e8b465ee728b)
Start importing Assets/Scenes/Maps/Tilemaps/TilemapTemplate_16.asset using Guid(f189d6fc765345c4e9da4105a7452763) Importer(815301076,1909f56bfc062723c751e8b465ee728b)  -> (artifact id: 'de5bd11af4140fa2429f35e364289652') in 0.027880 seconds
Number of updated asset objects reloaded before import = 0
Number of asset objects unloaded after import = 3
========================================================================
Received Import Request.
  Time since last request: 0.000088 seconds.
  path: Assets/Scenes/Maps/Tilemaps/TilemapTemplate_27.asset
  artifactKey: Guid(38b4d010312edc54aa3eb8becaa635f3) Importer(815301076,1909f56bfc062723c751e8b465ee728b)
Start importing Assets/Scenes/Maps/Tilemaps/TilemapTemplate_27.asset using Guid(38b4d010312edc54aa3eb8becaa635f3) Importer(815301076,1909f56bfc062723c751e8b465ee728b)  -> (artifact id: '4542cfa9661c88bcee693863f72aa500') in 0.012823 seconds
Number of updated asset objects reloaded before import = 0
Number of asset objects unloaded after import = 3
========================================================================
Received Import Request.
  Time since last request: 0.000045 seconds.
  path: Assets/Scenes/Maps/Tilemaps/TilemapTemplate_26.asset
  artifactKey: Guid(973868d9f1628674bbd2d50ef7cd3878) Importer(815301076,1909f56bfc062723c751e8b465ee728b)
Start importing Assets/Scenes/Maps/Tilemaps/TilemapTemplate_26.asset using Guid(973868d9f1628674bbd2d50ef7cd3878) Importer(815301076,1909f56bfc062723c751e8b465ee728b)  -> (artifact id: '2e1617d6f6c51bb5e04fb65124a74ba7') in 0.008867 seconds
Number of updated asset objects reloaded before import = 0
Number of asset objects unloaded after import = 3
========================================================================
Received Import Request.
  Time since last request: 0.000035 seconds.
  path: Assets/Scenes/Maps/Tilemaps/TilemapTemplate_19.asset
  artifactKey: Guid(2acc587b0af042448ad7e75ed29982e3) Importer(815301076,1909f56bfc062723c751e8b465ee728b)
Start importing Assets/Scenes/Maps/Tilemaps/TilemapTemplate_19.asset using Guid(2acc587b0af042448ad7e75ed29982e3) Importer(815301076,1909f56bfc062723c751e8b465ee728b)  -> (artifact id: 'a6cb91edf14e0dd668fbf372faf8226a') in 0.017679 seconds
Number of updated asset objects reloaded before import = 0
Number of asset objects unloaded after import = 3
========================================================================
Received Import Request.
  Time since last request: 0.000026 seconds.
  path: Assets/Scenes/Maps/Tilemaps/TilemapTemplate_22.asset
  artifactKey: Guid(89dd7fae17dc533499854de8f0effe05) Importer(815301076,1909f56bfc062723c751e8b465ee728b)
Start importing Assets/Scenes/Maps/Tilemaps/TilemapTemplate_22.asset using Guid(89dd7fae17dc533499854de8f0effe05) Importer(815301076,1909f56bfc062723c751e8b465ee728b)  -> (artifact id: 'cecbb32063d0575450734d689a899d9d') in 0.009801 seconds
Number of updated asset objects reloaded before import = 0
Number of asset objects unloaded after import = 3
========================================================================
Received Import Request.
  Time since last request: 0.000032 seconds.
  path: Assets/Scenes/Maps/Tilemaps/TilemapTemplate_23.asset
  artifactKey: Guid(149467721ceeb0344ada9ba43fcf7c35) Importer(815301076,1909f56bfc062723c751e8b465ee728b)
Start importing Assets/Scenes/Maps/Tilemaps/TilemapTemplate_23.asset using Guid(149467721ceeb0344ada9ba43fcf7c35) Importer(815301076,1909f56bfc062723c751e8b465ee728b)  -> (artifact id: 'ee3cb199fc3ec228c066b62093abed82') in 0.008925 seconds
Number of updated asset objects reloaded before import = 0
Number of asset objects unloaded after import = 3
========================================================================
Received Import Request.
  Time since last request: 0.000038 seconds.
  path: Assets/Scenes/Maps/Tilemaps/TilemapTemplate_4.asset
  artifactKey: Guid(d228cffffd673974a8225b02aa421d22) Importer(815301076,1909f56bfc062723c751e8b465ee728b)
Start importing Assets/Scenes/Maps/Tilemaps/TilemapTemplate_4.asset using Guid(d228cffffd673974a8225b02aa421d22) Importer(815301076,1909f56bfc062723c751e8b465ee728b)  -> (artifact id: 'fd93cd8759967a3002e779fe8e7cf6ba') in 0.011643 seconds
Number of updated asset objects reloaded before import = 0
Number of asset objects unloaded after import = 3
========================================================================
Received Import Request.
  Time since last request: 0.000032 seconds.
  path: Assets/Scenes/Maps/Tilemaps/TilemapTemplate_28.asset
  artifactKey: Guid(7b8b099d9de54ec4583cf050e6fa0324) Importer(815301076,1909f56bfc062723c751e8b465ee728b)
Start importing Assets/Scenes/Maps/Tilemaps/TilemapTemplate_28.asset using Guid(7b8b099d9de54ec4583cf050e6fa0324) Importer(815301076,1909f56bfc062723c751e8b465ee728b)  -> (artifact id: '3febcd3429487a9910404a830abbae76') in 0.019805 seconds
Number of updated asset objects reloaded before import = 0
Number of asset objects unloaded after import = 3
========================================================================
Received Import Request.
  Time since last request: 0.000052 seconds.
  path: Assets/Scenes/Maps/Tilemaps/TilemapTemplate_9.asset
  artifactKey: Guid(384f892fb42722b4db1d5cd5a6ffc28e) Importer(815301076,1909f56bfc062723c751e8b465ee728b)
Start importing Assets/Scenes/Maps/Tilemaps/TilemapTemplate_9.asset using Guid(384f892fb42722b4db1d5cd5a6ffc28e) Importer(815301076,1909f56bfc062723c751e8b465ee728b)  -> (artifact id: 'f56f5a36b8d2e72dc6c8ddc0d280f1b9') in 0.016648 seconds
Number of updated asset objects reloaded before import = 0
Number of asset objects unloaded after import = 3
========================================================================
Received Import Request.
  Time since last request: 0.000024 seconds.
  path: Assets/Scenes/Maps/Tilemaps/TilemapTemplate_5.asset
  artifactKey: Guid(d81bf6258dce9c14e9027f5c834a6362) Importer(815301076,1909f56bfc062723c751e8b465ee728b)
Start importing Assets/Scenes/Maps/Tilemaps/TilemapTemplate_5.asset using Guid(d81bf6258dce9c14e9027f5c834a6362) Importer(815301076,1909f56bfc062723c751e8b465ee728b)  -> (artifact id: 'c9aef92b3b627ab27afa21c6dfc38084') in 0.008879 seconds
Number of updated asset objects reloaded before import = 0
Number of asset objects unloaded after import = 3
========================================================================
Received Import Request.
  Time since last request: 0.000026 seconds.
  path: Assets/Scenes/Maps/Tilemaps/TilemapTemplate_10.asset
  artifactKey: Guid(38bb76ff2204d0943a888f763b89da63) Importer(815301076,1909f56bfc062723c751e8b465ee728b)
Start importing Assets/Scenes/Maps/Tilemaps/TilemapTemplate_10.asset using Guid(38bb76ff2204d0943a888f763b89da63) Importer(815301076,1909f56bfc062723c751e8b465ee728b)  -> (artifact id: '729750b0016fb92f756da8da0e35f533') in 0.014628 seconds
Number of updated asset objects reloaded before import = 0
Number of asset objects unloaded after import = 3
========================================================================
Received Import Request.
  Time since last request: 0.000075 seconds.
  path: Assets/Scenes/Maps/Tilemaps/TilemapTemplate_30.asset
  artifactKey: Guid(2f75df8288201f54db4e39d7cb56bce9) Importer(815301076,1909f56bfc062723c751e8b465ee728b)
Start importing Assets/Scenes/Maps/Tilemaps/TilemapTemplate_30.asset using Guid(2f75df8288201f54db4e39d7cb56bce9) Importer(815301076,1909f56bfc062723c751e8b465ee728b)  -> (artifact id: 'a21a20f0f9bb1a00dfebf59beb0944ff') in 0.014996 seconds
Number of updated asset objects reloaded before import = 0
Number of asset objects unloaded after import = 3
========================================================================
Received Import Request.
  Time since last request: 0.000023 seconds.
  path: Assets/Scenes/Maps/Tilemaps/TilemapTemplate_8.asset
  artifactKey: Guid(6e81e01135a57d84fa8c376de4f3654a) Importer(815301076,1909f56bfc062723c751e8b465ee728b)
Start importing Assets/Scenes/Maps/Tilemaps/TilemapTemplate_8.asset using Guid(6e81e01135a57d84fa8c376de4f3654a) Importer(815301076,1909f56bfc062723c751e8b465ee728b)  -> (artifact id: '33ba49d751b11be047a80773ab60711a') in 0.011603 seconds
Number of updated asset objects reloaded before import = 0
Number of asset objects unloaded after import = 3
========================================================================
Received Import Request.
  Time since last request: 0.000029 seconds.
  path: Assets/Scenes/Maps/Tilemaps/TilemapTemplate_11.asset
  artifactKey: Guid(7887c129cce9fb64a99bb130fec0ac72) Importer(815301076,1909f56bfc062723c751e8b465ee728b)
Start importing Assets/Scenes/Maps/Tilemaps/TilemapTemplate_11.asset using Guid(7887c129cce9fb64a99bb130fec0ac72) Importer(815301076,1909f56bfc062723c751e8b465ee728b)  -> (artifact id: '4aab3dacf47956cb6a14e9ca51d59bc9') in 0.018938 seconds
Number of updated asset objects reloaded before import = 0
Number of asset objects unloaded after import = 3
========================================================================
Received Import Request.
  Time since last request: 8.801540 seconds.
  path: Assets/Scenes/Maps/TilemapTemplate.png
  artifactKey: Guid(3a593858bd8f99b4783c61c4a89616fa) Importer(815301076,1909f56bfc062723c751e8b465ee728b)
Start importing Assets/Scenes/Maps/TilemapTemplate.png using Guid(3a593858bd8f99b4783c61c4a89616fa) Importer(815301076,1909f56bfc062723c751e8b465ee728b)  -> (artifact id: 'e9a6c1b7489af2fedcbe6936ac248c10') in 0.318159 seconds
Number of updated asset objects reloaded before import = 0
Number of asset objects unloaded after import = 66
========================================================================
Received Import Request.
  Time since last request: 67.336189 seconds.
  path: Assets/Scenes/Maps/Tilemaps/TilemapTemplate_34.asset
  artifactKey: Guid(3059e83fdf76eef478e4b6f839f41b34) Importer(815301076,1909f56bfc062723c751e8b465ee728b)
Start importing Assets/Scenes/Maps/Tilemaps/TilemapTemplate_34.asset using Guid(3059e83fdf76eef478e4b6f839f41b34) Importer(815301076,1909f56bfc062723c751e8b465ee728b)  -> (artifact id: 'ec4ac4fae29adf5b14622433e28c5fec') in 0.014432 seconds
Number of updated asset objects reloaded before import = 0
Number of asset objects unloaded after import = 3
========================================================================
Received Import Request.
  Time since last request: 0.011029 seconds.
  path: Assets/Scenes/Maps/Tilemaps/TilemapTemplate_37.asset
  artifactKey: Guid(1a8b33ad930aa3d48a3afcc90da8cf05) Importer(815301076,1909f56bfc062723c751e8b465ee728b)
Start importing Assets/Scenes/Maps/Tilemaps/TilemapTemplate_37.asset using Guid(1a8b33ad930aa3d48a3afcc90da8cf05) Importer(815301076,1909f56bfc062723c751e8b465ee728b)  -> (artifact id: '4d5c06fed7cd0eef884c2f310509f4c2') in 0.011957 seconds
Number of updated asset objects reloaded before import = 0
Number of asset objects unloaded after import = 3
========================================================================
Received Import Request.
  Time since last request: 0.006424 seconds.
  path: Assets/Scenes/Maps/Tilemaps/TilemapTemplate_41.asset
  artifactKey: Guid(db8345fdc26171f4dadc14aa12556446) Importer(815301076,1909f56bfc062723c751e8b465ee728b)
Start importing Assets/Scenes/Maps/Tilemaps/TilemapTemplate_41.asset using Guid(db8345fdc26171f4dadc14aa12556446) Importer(815301076,1909f56bfc062723c751e8b465ee728b)  -> (artifact id: 'd8d71b7a24de99cd0f59f55f2bf278c1') in 0.015024 seconds
Number of updated asset objects reloaded before import = 0
Number of asset objects unloaded after import = 3
========================================================================
Received Import Request.
  Time since last request: 0.000030 seconds.
  path: Assets/Scenes/Maps/Tilemaps/TilemapTemplate_48.asset
  artifactKey: Guid(817ac5b496dc93e4fbead6c58a0643fc) Importer(815301076,1909f56bfc062723c751e8b465ee728b)
Start importing Assets/Scenes/Maps/Tilemaps/TilemapTemplate_48.asset using Guid(817ac5b496dc93e4fbead6c58a0643fc) Importer(815301076,1909f56bfc062723c751e8b465ee728b)  -> (artifact id: '6b5db14e105716575be58edc81f21690') in 0.021276 seconds
Number of updated asset objects reloaded before import = 0
Number of asset objects unloaded after import = 3
========================================================================
Received Import Request.
  Time since last request: 0.000035 seconds.
  path: Assets/Scenes/Maps/Tilemaps/TilemapTemplate_55.asset
  artifactKey: Guid(40628f461fe7c34488b1c16b6bdf8459) Importer(815301076,1909f56bfc062723c751e8b465ee728b)
Start importing Assets/Scenes/Maps/Tilemaps/TilemapTemplate_55.asset using Guid(40628f461fe7c34488b1c16b6bdf8459) Importer(815301076,1909f56bfc062723c751e8b465ee728b)  -> (artifact id: 'c214ca6f9c0f3bca06ee28fd46c2c703') in 0.012410 seconds
Number of updated asset objects reloaded before import = 0
Number of asset objects unloaded after import = 3
========================================================================
Received Import Request.
  Time since last request: 0.000044 seconds.
  path: Assets/Scenes/Maps/Tilemaps/TilemapTemplate_50.asset
  artifactKey: Guid(d3f5462ff9a26ff4d9d1c8739a06a52c) Importer(815301076,1909f56bfc062723c751e8b465ee728b)
Start importing Assets/Scenes/Maps/Tilemaps/TilemapTemplate_50.asset using Guid(d3f5462ff9a26ff4d9d1c8739a06a52c) Importer(815301076,1909f56bfc062723c751e8b465ee728b)  -> (artifact id: 'ab791041fe7b2728e2af6c3de864027a') in 0.010690 seconds
Number of updated asset objects reloaded before import = 0
Number of asset objects unloaded after import = 3
========================================================================
Received Import Request.
  Time since last request: 0.000052 seconds.
  path: Assets/Scenes/Maps/Tilemaps/TilemapTemplate_52.asset
  artifactKey: Guid(be625f5e75b83944fabd0750997b5a30) Importer(815301076,1909f56bfc062723c751e8b465ee728b)
Start importing Assets/Scenes/Maps/Tilemaps/TilemapTemplate_52.asset using Guid(be625f5e75b83944fabd0750997b5a30) Importer(815301076,1909f56bfc062723c751e8b465ee728b)  -> (artifact id: 'caae9dc01a6b2c3a241fe0f8083c896f') in 0.010122 seconds
Number of updated asset objects reloaded before import = 0
Number of asset objects unloaded after import = 3
========================================================================
Received Import Request.
  Time since last request: 0.000035 seconds.
  path: Assets/Scenes/Maps/Tilemaps/TilemapTemplate_38.asset
  artifactKey: Guid(9c64d976224483840b712df8ad965170) Importer(815301076,1909f56bfc062723c751e8b465ee728b)
Start importing Assets/Scenes/Maps/Tilemaps/TilemapTemplate_38.asset using Guid(9c64d976224483840b712df8ad965170) Importer(815301076,1909f56bfc062723c751e8b465ee728b)  -> (artifact id: 'f1b633e4436799cd9a5b24d275977f89') in 0.013175 seconds
Number of updated asset objects reloaded before import = 0
Number of asset objects unloaded after import = 3
========================================================================
Received Import Request.
  Time since last request: 0.000030 seconds.
  path: Assets/Scenes/Maps/Tilemaps/TilemapTemplate_43.asset
  artifactKey: Guid(1ec9be8d216c5f645b0710f4184b93f8) Importer(815301076,1909f56bfc062723c751e8b465ee728b)
Start importing Assets/Scenes/Maps/Tilemaps/TilemapTemplate_43.asset using Guid(1ec9be8d216c5f645b0710f4184b93f8) Importer(815301076,1909f56bfc062723c751e8b465ee728b)  -> (artifact id: 'd370ab72dbe4a0c3e1ebb9249fa6d89b') in 0.008420 seconds
Number of updated asset objects reloaded before import = 0
Number of asset objects unloaded after import = 3
========================================================================
Received Import Request.
  Time since last request: 0.000026 seconds.
  path: Assets/Scenes/Maps/Tilemaps/TilemapTemplate_45.asset
  artifactKey: Guid(468376221b3c1124ba90341b107fb0c3) Importer(815301076,1909f56bfc062723c751e8b465ee728b)
Start importing Assets/Scenes/Maps/Tilemaps/TilemapTemplate_45.asset using Guid(468376221b3c1124ba90341b107fb0c3) Importer(815301076,1909f56bfc062723c751e8b465ee728b)  -> (artifact id: '1eef1d22c30226cb0d26ff63b4f50d68') in 0.008427 seconds
Number of updated asset objects reloaded before import = 0
Number of asset objects unloaded after import = 3
========================================================================
Received Import Request.
  Time since last request: 0.000028 seconds.
  path: Assets/Scenes/Maps/Tilemaps/TilemapTemplate_53.asset
  artifactKey: Guid(132355ac990c8ab4490e9215d05640a3) Importer(815301076,1909f56bfc062723c751e8b465ee728b)
Start importing Assets/Scenes/Maps/Tilemaps/TilemapTemplate_53.asset using Guid(132355ac990c8ab4490e9215d05640a3) Importer(815301076,1909f56bfc062723c751e8b465ee728b)  -> (artifact id: '2f31f1baf0576db4a0507507a5bcc2cc') in 0.008476 seconds
Number of updated asset objects reloaded before import = 0
Number of asset objects unloaded after import = 3
========================================================================
Received Import Request.
  Time since last request: 0.000023 seconds.
  path: Assets/Scenes/Maps/Tilemaps/TilemapTemplate_44.asset
  artifactKey: Guid(1b3daa1517bb6ed4b8aa9460d1f4e6d8) Importer(815301076,1909f56bfc062723c751e8b465ee728b)
Start importing Assets/Scenes/Maps/Tilemaps/TilemapTemplate_44.asset using Guid(1b3daa1517bb6ed4b8aa9460d1f4e6d8) Importer(815301076,1909f56bfc062723c751e8b465ee728b)  -> (artifact id: '0d9edbd6a79a37117103d48be558f2e5') in 0.011702 seconds
Number of updated asset objects reloaded before import = 0
Number of asset objects unloaded after import = 3
========================================================================
Received Import Request.
  Time since last request: 0.000029 seconds.
  path: Assets/Scenes/Maps/Tilemaps/TilemapTemplate_46.asset
  artifactKey: Guid(8bcaa960c9ea6b442b9f5824825ff5bf) Importer(815301076,1909f56bfc062723c751e8b465ee728b)
Start importing Assets/Scenes/Maps/Tilemaps/TilemapTemplate_46.asset using Guid(8bcaa960c9ea6b442b9f5824825ff5bf) Importer(815301076,1909f56bfc062723c751e8b465ee728b)  -> (artifact id: 'd2f0c1340420b1254f36c43fc43e2fdb') in 0.011173 seconds
Number of updated asset objects reloaded before import = 0
Number of asset objects unloaded after import = 3
========================================================================
Received Import Request.
  Time since last request: 0.067398 seconds.
  path: Assets/Scenes/Maps/Tilemaps/TilemapTemplate_58.asset
  artifactKey: Guid(51a6b949e0b1bdd4bbfdce81c91a310b) Importer(815301076,1909f56bfc062723c751e8b465ee728b)
Start importing Assets/Scenes/Maps/Tilemaps/TilemapTemplate_58.asset using Guid(51a6b949e0b1bdd4bbfdce81c91a310b) Importer(815301076,1909f56bfc062723c751e8b465ee728b)  -> (artifact id: 'cd06957d6bc2f10cd844251acbc8fa6d') in 0.009213 seconds
Number of updated asset objects reloaded before import = 0
Number of asset objects unloaded after import = 3
========================================================================
Received Import Request.
  Time since last request: 0.000029 seconds.
  path: Assets/Scenes/Maps/Tilemaps/TilemapTemplate_61.asset
  artifactKey: Guid(4fdfcd55a4ef66a48a162ec8921bb8f0) Importer(815301076,1909f56bfc062723c751e8b465ee728b)
Start importing Assets/Scenes/Maps/Tilemaps/TilemapTemplate_61.asset using Guid(4fdfcd55a4ef66a48a162ec8921bb8f0) Importer(815301076,1909f56bfc062723c751e8b465ee728b)  -> (artifact id: '8de1d6999005afcb225a05189a34bf48') in 0.010096 seconds
Number of updated asset objects reloaded before import = 0
Number of asset objects unloaded after import = 3
========================================================================
Received Import Request.
  Time since last request: 0.000027 seconds.
  path: Assets/Scenes/Maps/Tilemaps/TilemapTemplate_62.asset
  artifactKey: Guid(8095c3d0f28b6344186f3c4ae7357885) Importer(815301076,1909f56bfc062723c751e8b465ee728b)
Start importing Assets/Scenes/Maps/Tilemaps/TilemapTemplate_62.asset using Guid(8095c3d0f28b6344186f3c4ae7357885) Importer(815301076,1909f56bfc062723c751e8b465ee728b)  -> (artifact id: '7cf2f530b1fb77f5c2b2da254a33e8aa') in 0.010578 seconds
Number of updated asset objects reloaded before import = 0
Number of asset objects unloaded after import = 3
========================================================================
Received Import Request.
  Time since last request: 0.000033 seconds.
  path: Assets/Scenes/Maps/Tilemaps/TilemapTemplate_63.asset
  artifactKey: Guid(5d8946e34153452409a486e9af8866f4) Importer(815301076,1909f56bfc062723c751e8b465ee728b)
Start importing Assets/Scenes/Maps/Tilemaps/TilemapTemplate_63.asset using Guid(5d8946e34153452409a486e9af8866f4) Importer(815301076,1909f56bfc062723c751e8b465ee728b)  -> (artifact id: 'db01a20cd607536e596ffc5753524ce5') in 0.008415 seconds
Number of updated asset objects reloaded before import = 0
Number of asset objects unloaded after import = 3
Editor requested this worker to shutdown with reason: Scaling down because of idle timeout
TcpMessagingSession - receive error: operation aborted. errorcode: 995, details:        I/O  .
AssetImportWorker is now disconnected from the server
Process exiting
Exiting without the bug reporter. Application will terminate with return code 0