Using pre-set license
Built from '2022.3/staging' branch; Version is '2022.3.8f1 (b5eafc012955) revision 11922172'; Using compiler version '192829333'; Build Type 'Release'
OS: 'Windows 11  (10.0.22621) 64bit Professional' Language: 'ko' Physical Memory: 14158 MB
BatchMode: 1, IsHumanControllingUs: 0, StartBugReporterOnCrash: 0, Is64bit: 1, IsPro: 1

COMMAND LINE ARGUMENTS:
C:\Program Files\Unity\Hub\Editor\2022.3.8f1\Editor\Unity.exe
-adb2
-batchMode
-noUpm
-name
AssetImportWorker8
-projectPath
C:/unityproject/OurAdventureRE/Project_OurReturnedAdventure
-logFile
Logs/AssetImportWorker8.log
-srvPort
64096
Successfully changed project path to: C:/unityproject/OurAdventureRE/Project_OurReturnedAdventure
C:/unityproject/OurAdventureRE/Project_OurReturnedAdventure
[UnityMemory] Configuration Parameters - Can be set up in boot.config
    "memorysetup-bucket-allocator-granularity=16"
    "memorysetup-bucket-allocator-bucket-count=8"
    "memorysetup-bucket-allocator-block-size=33554432"
    "memorysetup-bucket-allocator-block-count=8"
    "memorysetup-main-allocator-block-size=16777216"
    "memorysetup-thread-allocator-block-size=16777216"
    "memorysetup-gfx-main-allocator-block-size=16777216"
    "memorysetup-gfx-thread-allocator-block-size=16777216"
    "memorysetup-cache-allocator-block-size=4194304"
    "memorysetup-typetree-allocator-block-size=2097152"
    "memorysetup-profiler-bucket-allocator-granularity=16"
    "memorysetup-profiler-bucket-allocator-bucket-count=8"
    "memorysetup-profiler-bucket-allocator-block-size=33554432"
    "memorysetup-profiler-bucket-allocator-block-count=8"
    "memorysetup-profiler-allocator-block-size=16777216"
    "memorysetup-profiler-editor-allocator-block-size=1048576"
    "memorysetup-temp-allocator-size-main=16777216"
    "memorysetup-job-temp-allocator-block-size=2097152"
    "memorysetup-job-temp-allocator-block-size-background=1048576"
    "memorysetup-job-temp-allocator-reduction-small-platforms=262144"
    "memorysetup-allocator-temp-initial-block-size-main=262144"
    "memorysetup-allocator-temp-initial-block-size-worker=262144"
    "memorysetup-temp-allocator-size-background-worker=32768"
    "memorysetup-temp-allocator-size-job-worker=262144"
    "memorysetup-temp-allocator-size-preload-manager=33554432"
    "memorysetup-temp-allocator-size-nav-mesh-worker=65536"
    "memorysetup-temp-allocator-size-audio-worker=65536"
    "memorysetup-temp-allocator-size-cloud-worker=32768"
    "memorysetup-temp-allocator-size-gi-baking-worker=262144"
    "memorysetup-temp-allocator-size-gfx=262144"
Player connection [13228] Host "[IP] 26.180.130.95 [Port] 0 [Flags] 2 [Guid] 2271983840 [EditorId] 2271983840 [Version] 1048832 [Id] WindowsEditor(7,TKLevono) [Debug] 1 [PackageName] WindowsEditor [ProjectName] Editor" joined multi-casting on [225.0.0.222:54997]...

Player connection [13228] Host "[IP] 26.180.130.95 [Port] 0 [Flags] 2 [Guid] 2271983840 [EditorId] 2271983840 [Version] 1048832 [Id] WindowsEditor(7,TKLevono) [Debug] 1 [PackageName] WindowsEditor [ProjectName] Editor" joined alternative multi-casting on [225.0.0.222:34997]...

[Physics::Module] Initialized MultithreadedJobDispatcher with 15 workers.
Refreshing native plugins compatible for Editor in 53.22 ms, found 4 plugins.
Preloading 0 native plugins for Editor in 0.00 ms.
Initialize engine version: 2022.3.8f1 (b5eafc012955)
[Subsystems] Discovering subsystems at path C:/Program Files/Unity/Hub/Editor/2022.3.8f1/Editor/Data/Resources/UnitySubsystems
[Subsystems] Discovering subsystems at path C:/unityproject/OurAdventureRE/Project_OurReturnedAdventure/Assets
GfxDevice: creating device client; threaded=0; jobified=0
Direct3D:
    Version:  Direct3D 11.0 [level 11.1]
    Renderer: AMD Radeon(TM) Graphics (ID=0x164c)
    Vendor:   ATI
    VRAM:     7079 MB
    Driver:   30.0.13044.0
Initialize mono
Mono path[0] = 'C:/Program Files/Unity/Hub/Editor/2022.3.8f1/Editor/Data/Managed'
Mono path[1] = 'C:/Program Files/Unity/Hub/Editor/2022.3.8f1/Editor/Data/MonoBleedingEdge/lib/mono/unityjit-win32'
Mono config path = 'C:/Program Files/Unity/Hub/Editor/2022.3.8f1/Editor/Data/MonoBleedingEdge/etc'
Using monoOptions --debugger-agent=transport=dt_socket,embedding=1,server=y,suspend=n,address=127.0.0.1:56760
Begin MonoManager ReloadAssembly
Registering precompiled unity dll's ...
Register platform support module: C:/Program Files/Unity/Hub/Editor/2022.3.8f1/Editor/Data/PlaybackEngines/WebGLSupport/UnityEditor.WebGL.Extensions.dll
Register platform support module: C:/Program Files/Unity/Hub/Editor/2022.3.8f1/Editor/Data/PlaybackEngines/AndroidPlayer/UnityEditor.Android.Extensions.dll
Register platform support module: C:/Program Files/Unity/Hub/Editor/2022.3.8f1/Editor/Data/PlaybackEngines/WindowsStandaloneSupport/UnityEditor.WindowsStandalone.Extensions.dll
Registered in 0.024677 seconds.
- Loaded All Assemblies, in  0.614 seconds
Native extension for WindowsStandalone target not found
Native extension for Android target not found
Android Extension - Scanning For ADB Devices 424 ms
Native extension for WebGL target not found
Mono: successfully reloaded assembly
- Finished resetting the current domain, in  0.864 seconds
Domain Reload Profiling: 1472ms
	BeginReloadAssembly (211ms)
		ExecutionOrderSort (0ms)
		DisableScriptedObjects (0ms)
		BackupInstance (0ms)
		ReleaseScriptingObjects (0ms)
		CreateAndSetChildDomain (2ms)
	RebuildCommonClasses (64ms)
	RebuildNativeTypeToScriptingClass (15ms)
	initialDomainReloadingComplete (115ms)
	LoadAllAssembliesAndSetupDomain (202ms)
		LoadAssemblies (206ms)
		RebuildTransferFunctionScriptingTraits (0ms)
		AnalyzeDomain (196ms)
			TypeCache.Refresh (194ms)
				TypeCache.ScanAssembly (177ms)
			ScanForSourceGeneratedMonoScriptInfo (0ms)
			ResolveRequiredComponents (1ms)
	FinalizeReload (865ms)
		ReleaseScriptCaches (0ms)
		RebuildScriptCaches (0ms)
		SetupLoadedEditorAssemblies (772ms)
			LogAssemblyErrors (0ms)
			InitializePlatformSupportModulesInManaged (581ms)
			SetLoadedEditorAssemblies (4ms)
			RefreshPlugins (0ms)
			BeforeProcessingInitializeOnLoad (4ms)
			ProcessInitializeOnLoadAttributes (128ms)
			ProcessInitializeOnLoadMethodAttributes (54ms)
			AfterProcessingInitializeOnLoad (0ms)
			EditorAssembliesLoaded (0ms)
		ExecutionOrderSort2 (0ms)
		AwakeInstancesAfterBackupRestoration (0ms)
========================================================================
Worker process is ready to serve import requests
Begin MonoManager ReloadAssembly
- Loaded All Assemblies, in  1.260 seconds
Refreshing native plugins compatible for Editor in 22.58 ms, found 4 plugins.
Native extension for WindowsStandalone target not found
Native extension for Android target not found
Native extension for WebGL target not found
Package Manager log level set to [2]
[Package Manager] Server::EnsureServerProcessIsRunning -- launch failed, reason: Unity was launched with the -noUpm command-line argument
[Package Manager] UpmClient::Send -- Unable to send message (not connected to UPM process).
[Package Manager] Cannot connect to Unity Package Manager local server
Mono: successfully reloaded assembly
[Package Manager] Server::EnsureServerProcessIsRunning -- launch failed, reason: Unity was launched with the -noUpm command-line argument
[Package Manager] UpmClient::Send -- Unable to send message (not connected to UPM process).
[Package Manager] Cannot connect to Unity Package Manager local server
[Package Manager] Server::EnsureServerProcessIsRunning -- launch failed, reason: Unity was launched with the -noUpm command-line argument
[Package Manager] UpmClient::Send -- Unable to send message (not connected to UPM process).
[Package Manager] Cannot connect to Unity Package Manager local server
- Finished resetting the current domain, in  1.072 seconds
Domain Reload Profiling: 2321ms
	BeginReloadAssembly (213ms)
		ExecutionOrderSort (0ms)
		DisableScriptedObjects (7ms)
		BackupInstance (0ms)
		ReleaseScriptingObjects (0ms)
		CreateAndSetChildDomain (34ms)
	RebuildCommonClasses (43ms)
	RebuildNativeTypeToScriptingClass (13ms)
	initialDomainReloadingComplete (61ms)
	LoadAllAssembliesAndSetupDomain (919ms)
		LoadAssemblies (666ms)
		RebuildTransferFunctionScriptingTraits (0ms)
		AnalyzeDomain (374ms)
			TypeCache.Refresh (311ms)
				TypeCache.ScanAssembly (269ms)
			ScanForSourceGeneratedMonoScriptInfo (53ms)
			ResolveRequiredComponents (9ms)
	FinalizeReload (1073ms)
		ReleaseScriptCaches (0ms)
		RebuildScriptCaches (0ms)
		SetupLoadedEditorAssemblies (832ms)
			LogAssemblyErrors (0ms)
			InitializePlatformSupportModulesInManaged (39ms)
			SetLoadedEditorAssemblies (8ms)
			RefreshPlugins (0ms)
			BeforeProcessingInitializeOnLoad (134ms)
			ProcessInitializeOnLoadAttributes (576ms)
			ProcessInitializeOnLoadMethodAttributes (62ms)
			AfterProcessingInitializeOnLoad (13ms)
			EditorAssembliesLoaded (0ms)
		ExecutionOrderSort2 (0ms)
		AwakeInstancesAfterBackupRestoration (8ms)
Launched and connected shader compiler UnityShaderCompiler.exe after 0.06 seconds
Refreshing native plugins compatible for Editor in 20.88 ms, found 4 plugins.
Preloading 0 native plugins for Editor in 0.00 ms.
Unloading 4744 Unused Serialized files (Serialized files now loaded: 0)
Unloading 99 unused Assets / (78.0 KB). Loaded Objects now: 5183.
Memory consumption went from 162.5 MB to 162.4 MB.
Total: 5.375800 ms (FindLiveObjects: 0.504100 ms CreateObjectMapping: 0.322100 ms MarkObjects: 4.305500 ms  DeleteObjects: 0.242000 ms)

AssetImportParameters requested are different than current active one (requested -> active):
  custom:container-demuxer-ogg: 62fdf1f143b41e24485cea50d1cbac27 -> 
  custom:video-decoder-ogg-theora: a1e56fd34408186e4bbccfd4996cb3dc -> 
  custom:framework-win-MediaFoundation: 216162199b28c13a410421893ffa2e32 -> 
  custom:CustomObjectIndexerAttribute: 756ad292c208cfabdd7b50bc23989ffe -> 
  custom:container-demuxer-webm: 4f35f7cbe854078d1ac9338744f61a02 -> 
  custom:container-muxer-webm: aa71ff27fc2769a1b78a27578f13a17b -> 
  custom:video-decoder-webm-vp8: 9c59270c3fd7afecdb556c50c9e8de78 -> 
  custom:SearchIndexIgnoredProperties: e643bd26f0fe6173181afceb89e7c659 -> 
  custom:AudioImporter_EditorPlatform: d09bf68614088b80899f8185d706f6e7 -> 
  custom:video-encoder-webm-vp8: eb34c28f22e8b96e1ab97ce403110664 -> 
  custom:audio-decoder-ogg-vorbis: bf7c407c2cedff20999df2af8eb42d56 -> 
  custom:audio-encoder-webm-vorbis: bf7c407c2cedff20999df2af8eb42d56 -> 
========================================================================
Received Import Request.
  Time since last request: 171964.709158 seconds.
  path: Assets/KenneyAssets/kenney_block-pack/Tilesheet/blockPack_tilesheet@2.png
  artifactKey: Guid(39d9c42949336ad4ba79bf7a28be3272) Importer(815301076,1909f56bfc062723c751e8b465ee728b)
Start importing Assets/KenneyAssets/kenney_block-pack/Tilesheet/blockPack_tilesheet@2.png using Guid(39d9c42949336ad4ba79bf7a28be3272) Importer(815301076,1909f56bfc062723c751e8b465ee728b)  -> (artifact id: '00d46814fe95fd86db18efd7fa289d0d') in 0.146323 seconds
Number of updated asset objects reloaded before import = 0
Number of asset objects unloaded after import = 3
========================================================================
Received Import Request.
  Time since last request: 136.399536 seconds.
  path: Assets/Scenes/Maps/KenneyTiles/box_treasure.asset
  artifactKey: Guid(22d55ab2716de4448a36996fda4227d6) Importer(815301076,1909f56bfc062723c751e8b465ee728b)
Start importing Assets/Scenes/Maps/KenneyTiles/box_treasure.asset using Guid(22d55ab2716de4448a36996fda4227d6) Importer(815301076,1909f56bfc062723c751e8b465ee728b)  -> (artifact id: '40e6298b304387cb138bb1910c9ecbf0') in 0.044763 seconds
Number of updated asset objects reloaded before import = 0
Number of asset objects unloaded after import = 3
========================================================================
Received Import Request.
  Time since last request: 0.000070 seconds.
  path: Assets/Scenes/Maps/KenneyTiles/door_glass.asset
  artifactKey: Guid(3ab25044f30d1744bacca2d1af538aa2) Importer(815301076,1909f56bfc062723c751e8b465ee728b)
Start importing Assets/Scenes/Maps/KenneyTiles/door_glass.asset using Guid(3ab25044f30d1744bacca2d1af538aa2) Importer(815301076,1909f56bfc062723c751e8b465ee728b)  -> (artifact id: '2de0e002e615186dcff1060ba23b313a') in 0.018459 seconds
Number of updated asset objects reloaded before import = 0
Number of asset objects unloaded after import = 3
========================================================================
Received Import Request.
  Time since last request: 0.000034 seconds.
  path: Assets/Scenes/Maps/KenneyTiles/market_stallBlue.asset
  artifactKey: Guid(006fcc7b1c2cc7f4890c8661a4fd2d8c) Importer(815301076,1909f56bfc062723c751e8b465ee728b)
Start importing Assets/Scenes/Maps/KenneyTiles/market_stallBlue.asset using Guid(006fcc7b1c2cc7f4890c8661a4fd2d8c) Importer(815301076,1909f56bfc062723c751e8b465ee728b)  -> (artifact id: '3b69ad3b49e5deac1c2edf9215c319cb') in 0.027132 seconds
Number of updated asset objects reloaded before import = 0
Number of asset objects unloaded after import = 3
========================================================================
Received Import Request.
  Time since last request: 0.000049 seconds.
  path: Assets/Scenes/Maps/KenneyTiles/market_stallRed.asset
  artifactKey: Guid(931f018e1cebf2543b8748a8a4b5bc61) Importer(815301076,1909f56bfc062723c751e8b465ee728b)
Start importing Assets/Scenes/Maps/KenneyTiles/market_stallRed.asset using Guid(931f018e1cebf2543b8748a8a4b5bc61) Importer(815301076,1909f56bfc062723c751e8b465ee728b)  -> (artifact id: '098f27b077eb2ca210258cb19d5a0c0c') in 0.017039 seconds
Number of updated asset objects reloaded before import = 0
Number of asset objects unloaded after import = 3
========================================================================
Received Import Request.
  Time since last request: 0.000046 seconds.
  path: Assets/Scenes/Maps/KenneyTiles/tileBuilding_roofBlue.asset
  artifactKey: Guid(4f6e6af6f530f6346a2fcff30fe3113c) Importer(815301076,1909f56bfc062723c751e8b465ee728b)
Start importing Assets/Scenes/Maps/KenneyTiles/tileBuilding_roofBlue.asset using Guid(4f6e6af6f530f6346a2fcff30fe3113c) Importer(815301076,1909f56bfc062723c751e8b465ee728b)  -> (artifact id: 'aeee535eb4314b6463841b67093e3804') in 0.016932 seconds
Number of updated asset objects reloaded before import = 0
Number of asset objects unloaded after import = 3
========================================================================
Received Import Request.
  Time since last request: 0.000073 seconds.
  path: Assets/Scenes/Maps/KenneyTiles/detail_window.asset
  artifactKey: Guid(719f0d5b033b0ec449fa6c8188374d62) Importer(815301076,1909f56bfc062723c751e8b465ee728b)
Start importing Assets/Scenes/Maps/KenneyTiles/detail_window.asset using Guid(719f0d5b033b0ec449fa6c8188374d62) Importer(815301076,1909f56bfc062723c751e8b465ee728b)  -> (artifact id: 'f10ac769c27397c2d48992503f8158fe') in 0.016164 seconds
Number of updated asset objects reloaded before import = 0
Number of asset objects unloaded after import = 3
========================================================================
Received Import Request.
  Time since last request: 0.000025 seconds.
  path: Assets/Scenes/Maps/KenneyTiles/detail_windowCastle.asset
  artifactKey: Guid(185c046f04bd6fe4392bb8829ef45bcc) Importer(815301076,1909f56bfc062723c751e8b465ee728b)
Start importing Assets/Scenes/Maps/KenneyTiles/detail_windowCastle.asset using Guid(185c046f04bd6fe4392bb8829ef45bcc) Importer(815301076,1909f56bfc062723c751e8b465ee728b)  -> (artifact id: 'b299c5fcb951d74ea2e38a436b4f6e3c') in 0.015936 seconds
Number of updated asset objects reloaded before import = 0
Number of asset objects unloaded after import = 3
========================================================================
Received Import Request.
  Time since last request: 0.000026 seconds.
  path: Assets/Scenes/Maps/KenneyTiles/tileBuilding_frame.asset
  artifactKey: Guid(d0fb30e682f370344bd64ca3de611c5f) Importer(815301076,1909f56bfc062723c751e8b465ee728b)
Start importing Assets/Scenes/Maps/KenneyTiles/tileBuilding_frame.asset using Guid(d0fb30e682f370344bd64ca3de611c5f) Importer(815301076,1909f56bfc062723c751e8b465ee728b)  -> (artifact id: 'ba2241b28557ebf74e32a7c7c0663338') in 0.019411 seconds
Number of updated asset objects reloaded before import = 0
Number of asset objects unloaded after import = 3
========================================================================
Received Import Request.
  Time since last request: 0.000031 seconds.
  path: Assets/Scenes/Maps/KenneyTiles/fence_doubleGate.asset
  artifactKey: Guid(cdd449fea26faa44cb2f034ae77f892b) Importer(815301076,1909f56bfc062723c751e8b465ee728b)
Start importing Assets/Scenes/Maps/KenneyTiles/fence_doubleGate.asset using Guid(cdd449fea26faa44cb2f034ae77f892b) Importer(815301076,1909f56bfc062723c751e8b465ee728b)  -> (artifact id: '09bf27adb1599172cbe70cf3f68312cd') in 0.018576 seconds
Number of updated asset objects reloaded before import = 0
Number of asset objects unloaded after import = 3
========================================================================
Received Import Request.
  Time since last request: 0.000030 seconds.
  path: Assets/Scenes/Maps/KenneyTiles/cart.asset
  artifactKey: Guid(68924c9ecda856b478c52c45b972bf02) Importer(815301076,1909f56bfc062723c751e8b465ee728b)
Start importing Assets/Scenes/Maps/KenneyTiles/cart.asset using Guid(68924c9ecda856b478c52c45b972bf02) Importer(815301076,1909f56bfc062723c751e8b465ee728b)  -> (artifact id: '39fefa6099884cb192a3681aa12e18c6') in 0.020957 seconds
Number of updated asset objects reloaded before import = 0
Number of asset objects unloaded after import = 3
========================================================================
Received Import Request.
  Time since last request: 0.000058 seconds.
  path: Assets/Scenes/Maps/KenneyTiles/door_open.asset
  artifactKey: Guid(3215c9f444e3e154399630e460493adb) Importer(815301076,1909f56bfc062723c751e8b465ee728b)
Start importing Assets/Scenes/Maps/KenneyTiles/door_open.asset using Guid(3215c9f444e3e154399630e460493adb) Importer(815301076,1909f56bfc062723c751e8b465ee728b)  -> (artifact id: '254aca233c2da8c8d9f0253aa3776716') in 0.016488 seconds
Number of updated asset objects reloaded before import = 0
Number of asset objects unloaded after import = 3
========================================================================
Received Import Request.
  Time since last request: 0.000024 seconds.
  path: Assets/Scenes/Maps/KenneyTiles/foliageBush_large.asset
  artifactKey: Guid(55a45664a298aa84dbd6921166a384b8) Importer(815301076,1909f56bfc062723c751e8b465ee728b)
Start importing Assets/Scenes/Maps/KenneyTiles/foliageBush_large.asset using Guid(55a45664a298aa84dbd6921166a384b8) Importer(815301076,1909f56bfc062723c751e8b465ee728b)  -> (artifact id: '9e51a570d064d1f39fd000e2b961d577') in 0.018306 seconds
Number of updated asset objects reloaded before import = 0
Number of asset objects unloaded after import = 3
========================================================================
Received Import Request.
  Time since last request: 0.000093 seconds.
  path: Assets/Scenes/Maps/KenneyTiles/cart_horse.asset
  artifactKey: Guid(d63b444b1b319d94a9c38a9b7a54892a) Importer(815301076,1909f56bfc062723c751e8b465ee728b)
Start importing Assets/Scenes/Maps/KenneyTiles/cart_horse.asset using Guid(d63b444b1b319d94a9c38a9b7a54892a) Importer(815301076,1909f56bfc062723c751e8b465ee728b)  -> (artifact id: '855f58cc694d3cb96b12e164658ca42c') in 0.017195 seconds
Number of updated asset objects reloaded before import = 0
Number of asset objects unloaded after import = 3
========================================================================
Received Import Request.
  Time since last request: 0.000022 seconds.
  path: Assets/Scenes/Maps/KenneyTiles/detail_snow.asset
  artifactKey: Guid(d3aa5670303d724408eb091e17cc23d2) Importer(815301076,1909f56bfc062723c751e8b465ee728b)
Start importing Assets/Scenes/Maps/KenneyTiles/detail_snow.asset using Guid(d3aa5670303d724408eb091e17cc23d2) Importer(815301076,1909f56bfc062723c751e8b465ee728b)  -> (artifact id: 'f501bbce4a429495312325dda4efa8ce') in 0.016076 seconds
Number of updated asset objects reloaded before import = 0
Number of asset objects unloaded after import = 3
========================================================================
Received Import Request.
  Time since last request: 0.000031 seconds.
  path: Assets/Scenes/Maps/KenneyTiles/market_roofBlue.asset
  artifactKey: Guid(84822fb12af68f749b67a9affd458775) Importer(815301076,1909f56bfc062723c751e8b465ee728b)
Start importing Assets/Scenes/Maps/KenneyTiles/market_roofBlue.asset using Guid(84822fb12af68f749b67a9affd458775) Importer(815301076,1909f56bfc062723c751e8b465ee728b)  -> (artifact id: '10f487978a484e38bf99f18568bd2fa6') in 0.017277 seconds
Number of updated asset objects reloaded before import = 0
Number of asset objects unloaded after import = 3
========================================================================
Received Import Request.
  Time since last request: 0.000032 seconds.
  path: Assets/Scenes/Maps/KenneyTiles/gravel_brown.asset
  artifactKey: Guid(280e6bb6fe7270c478a32a3943e29dc4) Importer(815301076,1909f56bfc062723c751e8b465ee728b)
Start importing Assets/Scenes/Maps/KenneyTiles/gravel_brown.asset using Guid(280e6bb6fe7270c478a32a3943e29dc4) Importer(815301076,1909f56bfc062723c751e8b465ee728b)  -> (artifact id: '694242f313c1b22db589a0122601a1e6') in 0.018294 seconds
Number of updated asset objects reloaded before import = 0
Number of asset objects unloaded after import = 3
========================================================================
Received Import Request.
  Time since last request: 0.000032 seconds.
  path: Assets/Scenes/Maps/KenneyTiles/fence_double.asset
  artifactKey: Guid(4c0846f3b3119e04a8662fc3a8a1bb82) Importer(815301076,1909f56bfc062723c751e8b465ee728b)
Start importing Assets/Scenes/Maps/KenneyTiles/fence_double.asset using Guid(4c0846f3b3119e04a8662fc3a8a1bb82) Importer(815301076,1909f56bfc062723c751e8b465ee728b)  -> (artifact id: '3d97dbad267b77ae377399ea0422f4c9') in 0.018945 seconds
Number of updated asset objects reloaded before import = 0
Number of asset objects unloaded after import = 3
========================================================================
Received Import Request.
  Time since last request: 0.000021 seconds.
  path: Assets/Scenes/Maps/KenneyTiles/character_woman.asset
  artifactKey: Guid(ad89cc968d74a6d40a969ba3700d277c) Importer(815301076,1909f56bfc062723c751e8b465ee728b)
Start importing Assets/Scenes/Maps/KenneyTiles/character_woman.asset using Guid(ad89cc968d74a6d40a969ba3700d277c) Importer(815301076,1909f56bfc062723c751e8b465ee728b)  -> (artifact id: '90f0d953746e427de0307df17d3ee5f7') in 0.016091 seconds
Number of updated asset objects reloaded before import = 0
Number of asset objects unloaded after import = 3
========================================================================
Received Import Request.
  Time since last request: 0.000023 seconds.
  path: Assets/Scenes/Maps/KenneyTiles/box_wide.asset
  artifactKey: Guid(7dc365439b627de4c8c5af73601ea381) Importer(815301076,1909f56bfc062723c751e8b465ee728b)
Start importing Assets/Scenes/Maps/KenneyTiles/box_wide.asset using Guid(7dc365439b627de4c8c5af73601ea381) Importer(815301076,1909f56bfc062723c751e8b465ee728b)  -> (artifact id: '8daebf8f040c9fd32f232f4434c40c90') in 0.017808 seconds
Number of updated asset objects reloaded before import = 0
Number of asset objects unloaded after import = 3
========================================================================
Received Import Request.
  Time since last request: 0.000028 seconds.
  path: Assets/Scenes/Maps/KenneyTiles/door.asset
  artifactKey: Guid(b28b0db510f914f4b9c5aa049cf42258) Importer(815301076,1909f56bfc062723c751e8b465ee728b)
Start importing Assets/Scenes/Maps/KenneyTiles/door.asset using Guid(b28b0db510f914f4b9c5aa049cf42258) Importer(815301076,1909f56bfc062723c751e8b465ee728b)  -> (artifact id: '787986bcd67e13ada83a711f055f016b') in 0.016599 seconds
Number of updated asset objects reloaded before import = 0
Number of asset objects unloaded after import = 3
========================================================================
Received Import Request.
  Time since last request: 0.000033 seconds.
  path: Assets/Scenes/Maps/KenneyTiles/foliageTree_red.asset
  artifactKey: Guid(1ec77cb4adccce342ab4da4d8f035457) Importer(815301076,1909f56bfc062723c751e8b465ee728b)
Start importing Assets/Scenes/Maps/KenneyTiles/foliageTree_red.asset using Guid(1ec77cb4adccce342ab4da4d8f035457) Importer(815301076,1909f56bfc062723c751e8b465ee728b)  -> (artifact id: 'dd10b4dd6d077171643e2cc74ea1cc1c') in 0.017849 seconds
Number of updated asset objects reloaded before import = 0
Number of asset objects unloaded after import = 3
========================================================================
Received Import Request.
  Time since last request: 0.000027 seconds.
  path: Assets/Scenes/Maps/KenneyTiles/detail_windowSlit.asset
  artifactKey: Guid(8d20adbb84b14ce4db2d845436ecaa1b) Importer(815301076,1909f56bfc062723c751e8b465ee728b)
Start importing Assets/Scenes/Maps/KenneyTiles/detail_windowSlit.asset using Guid(8d20adbb84b14ce4db2d845436ecaa1b) Importer(815301076,1909f56bfc062723c751e8b465ee728b)  -> (artifact id: '9480e85f82c4600adb1fa1a42ebb0ea2') in 0.017035 seconds
Number of updated asset objects reloaded before import = 0
Number of asset objects unloaded after import = 3
========================================================================
Received Import Request.
  Time since last request: 0.000021 seconds.
  path: Assets/Scenes/Maps/KenneyTiles/fence_single.asset
  artifactKey: Guid(f699cb002482e8940949ef36ce91e468) Importer(815301076,1909f56bfc062723c751e8b465ee728b)
Start importing Assets/Scenes/Maps/KenneyTiles/fence_single.asset using Guid(f699cb002482e8940949ef36ce91e468) Importer(815301076,1909f56bfc062723c751e8b465ee728b)  -> (artifact id: '123b23a0fc28008d38599051e3fdf101') in 0.019437 seconds
Number of updated asset objects reloaded before import = 0
Number of asset objects unloaded after import = 3
========================================================================
Received Import Request.
  Time since last request: 0.000030 seconds.
  path: Assets/Scenes/Maps/KenneyTiles/tileBuilding_roofRedSide.asset
  artifactKey: Guid(e6223828a5d919b4f877e0589428ae60) Importer(815301076,1909f56bfc062723c751e8b465ee728b)
Start importing Assets/Scenes/Maps/KenneyTiles/tileBuilding_roofRedSide.asset using Guid(e6223828a5d919b4f877e0589428ae60) Importer(815301076,1909f56bfc062723c751e8b465ee728b)  -> (artifact id: '30e21986af0b0f5417953cae32a34050') in 0.016872 seconds
Number of updated asset objects reloaded before import = 0
Number of asset objects unloaded after import = 3
========================================================================
Received Import Request.
  Time since last request: 0.000025 seconds.
  path: Assets/Scenes/Maps/KenneyTiles/gravel_grey.asset
  artifactKey: Guid(35c0a385b6b0c0146ae3d55ecdb07f11) Importer(815301076,1909f56bfc062723c751e8b465ee728b)
Start importing Assets/Scenes/Maps/KenneyTiles/gravel_grey.asset using Guid(35c0a385b6b0c0146ae3d55ecdb07f11) Importer(815301076,1909f56bfc062723c751e8b465ee728b)  -> (artifact id: '72c1d42fdf17cff76f1f54006d2fa803') in 0.018474 seconds
Number of updated asset objects reloaded before import = 0
Number of asset objects unloaded after import = 3
========================================================================
Received Import Request.
  Time since last request: 1.018585 seconds.
  path: Assets/Scenes/Maps/KenneyTiles/tileCastle_stairsLeft.asset
  artifactKey: Guid(1cb26d5c44fcc9d42a180d6996e1c331) Importer(815301076,1909f56bfc062723c751e8b465ee728b)
Start importing Assets/Scenes/Maps/KenneyTiles/tileCastle_stairsLeft.asset using Guid(1cb26d5c44fcc9d42a180d6996e1c331) Importer(815301076,1909f56bfc062723c751e8b465ee728b)  -> (artifact id: '19d4f99bc70372c3aebbeaacc16ca813') in 0.034386 seconds
Number of updated asset objects reloaded before import = 0
Number of asset objects unloaded after import = 3
========================================================================
Received Import Request.
  Time since last request: 0.000026 seconds.
  path: Assets/Scenes/Maps/KenneyTiles/tileGoo.asset
  artifactKey: Guid(2937579196911a740a4f89cec7ad1a35) Importer(815301076,1909f56bfc062723c751e8b465ee728b)
Start importing Assets/Scenes/Maps/KenneyTiles/tileGoo.asset using Guid(2937579196911a740a4f89cec7ad1a35) Importer(815301076,1909f56bfc062723c751e8b465ee728b)  -> (artifact id: '7e50cda56b1fe6e555169dfa97f984ae') in 0.018634 seconds
Number of updated asset objects reloaded before import = 0
Number of asset objects unloaded after import = 3
========================================================================
Received Import Request.
  Time since last request: 0.000043 seconds.
  path: Assets/Scenes/Maps/KenneyTiles/tileGrass_slopeRight.asset
  artifactKey: Guid(98cc352ea708619489da66eff8e2e060) Importer(815301076,1909f56bfc062723c751e8b465ee728b)
Start importing Assets/Scenes/Maps/KenneyTiles/tileGrass_slopeRight.asset using Guid(98cc352ea708619489da66eff8e2e060) Importer(815301076,1909f56bfc062723c751e8b465ee728b)  -> (artifact id: '20414f6ca9a6488e8c3c1a72c3e0caa0') in 0.016799 seconds
Number of updated asset objects reloaded before import = 0
Number of asset objects unloaded after import = 3
========================================================================
Received Import Request.
  Time since last request: 0.000047 seconds.
  path: Assets/Scenes/Maps/KenneyTiles/tileGrass_slopeLeft.asset
  artifactKey: Guid(5292a04a99e4dd548ae6c8e089e4d62e) Importer(815301076,1909f56bfc062723c751e8b465ee728b)
Start importing Assets/Scenes/Maps/KenneyTiles/tileGrass_slopeLeft.asset using Guid(5292a04a99e4dd548ae6c8e089e4d62e) Importer(815301076,1909f56bfc062723c751e8b465ee728b)  -> (artifact id: '411b955c9e9ad68a35c52da6f226a73a') in 0.020813 seconds
Number of updated asset objects reloaded before import = 0
Number of asset objects unloaded after import = 3
========================================================================
Received Import Request.
  Time since last request: 0.000038 seconds.
  path: Assets/Scenes/Maps/KenneyTiles/tileSnow.asset
  artifactKey: Guid(04009a43044d7ec47a466fc5810682f9) Importer(815301076,1909f56bfc062723c751e8b465ee728b)
Start importing Assets/Scenes/Maps/KenneyTiles/tileSnow.asset using Guid(04009a43044d7ec47a466fc5810682f9) Importer(815301076,1909f56bfc062723c751e8b465ee728b)  -> (artifact id: '4e6d8941d06e6065d3c77ef06dc6a2c8') in 0.019485 seconds
Number of updated asset objects reloaded before import = 0
Number of asset objects unloaded after import = 3
========================================================================
Received Import Request.
  Time since last request: 0.000072 seconds.
  path: Assets/Scenes/Maps/KenneyTiles/tileDirt_slopeRight.asset
  artifactKey: Guid(6c7183044a1f0bc4cb69ec4cf679cf2f) Importer(815301076,1909f56bfc062723c751e8b465ee728b)
Start importing Assets/Scenes/Maps/KenneyTiles/tileDirt_slopeRight.asset using Guid(6c7183044a1f0bc4cb69ec4cf679cf2f) Importer(815301076,1909f56bfc062723c751e8b465ee728b)  -> (artifact id: '2bb6c4eea113b1af8b4dda29ed8e5cce') in 0.023238 seconds
Number of updated asset objects reloaded before import = 0
Number of asset objects unloaded after import = 3
========================================================================
Received Import Request.
  Time since last request: 0.000069 seconds.
  path: Assets/Scenes/Maps/KenneyTiles/tileSnow_slopeLeft.asset
  artifactKey: Guid(02df13668e0c55d44abb0fe217576431) Importer(815301076,1909f56bfc062723c751e8b465ee728b)
Start importing Assets/Scenes/Maps/KenneyTiles/tileSnow_slopeLeft.asset using Guid(02df13668e0c55d44abb0fe217576431) Importer(815301076,1909f56bfc062723c751e8b465ee728b)  -> (artifact id: '899a4a2ba13999cf5e71f067535b774c') in 0.020563 seconds
Number of updated asset objects reloaded before import = 0
Number of asset objects unloaded after import = 3
========================================================================
Received Import Request.
  Time since last request: 0.000026 seconds.
  path: Assets/Scenes/Maps/KenneyTiles/tileDirt.asset
  artifactKey: Guid(434edca247b2cfd4dbe85f93fb1312e9) Importer(815301076,1909f56bfc062723c751e8b465ee728b)
Start importing Assets/Scenes/Maps/KenneyTiles/tileDirt.asset using Guid(434edca247b2cfd4dbe85f93fb1312e9) Importer(815301076,1909f56bfc062723c751e8b465ee728b)  -> (artifact id: 'c45ccf221cdcee45fe0d97ad4708948b') in 0.020304 seconds
Number of updated asset objects reloaded before import = 0
Number of asset objects unloaded after import = 3
========================================================================
Received Import Request.
  Time since last request: 0.000039 seconds.
  path: Assets/Scenes/Maps/KenneyTiles/tileGoo_slopeLeft.asset
  artifactKey: Guid(a91d91f75cd56f946bf0b94ed18f362d) Importer(815301076,1909f56bfc062723c751e8b465ee728b)
Start importing Assets/Scenes/Maps/KenneyTiles/tileGoo_slopeLeft.asset using Guid(a91d91f75cd56f946bf0b94ed18f362d) Importer(815301076,1909f56bfc062723c751e8b465ee728b)  -> (artifact id: 'dbcb4e481a841cd440a3f03cc3cc1f1f') in 0.018795 seconds
Number of updated asset objects reloaded before import = 0
Number of asset objects unloaded after import = 3
========================================================================
Received Import Request.
  Time since last request: 0.000030 seconds.
  path: Assets/Scenes/Maps/KenneyTiles/tileGoo_slopeRight.asset
  artifactKey: Guid(463b1f9e1f0e5d440a23ccdb22708c39) Importer(815301076,1909f56bfc062723c751e8b465ee728b)
Start importing Assets/Scenes/Maps/KenneyTiles/tileGoo_slopeRight.asset using Guid(463b1f9e1f0e5d440a23ccdb22708c39) Importer(815301076,1909f56bfc062723c751e8b465ee728b)  -> (artifact id: 'ab948b304a4c384da60e830a1bef3994') in 0.018965 seconds
Number of updated asset objects reloaded before import = 0
Number of asset objects unloaded after import = 3
========================================================================
Received Import Request.
  Time since last request: 0.000026 seconds.
  path: Assets/Scenes/Maps/KenneyTiles/tileGrass.asset
  artifactKey: Guid(03d21cc16232dc44c9bfdd5df2e81fec) Importer(815301076,1909f56bfc062723c751e8b465ee728b)
Start importing Assets/Scenes/Maps/KenneyTiles/tileGrass.asset using Guid(03d21cc16232dc44c9bfdd5df2e81fec) Importer(815301076,1909f56bfc062723c751e8b465ee728b)  -> (artifact id: 'bed2149f0aca4853c2edd8bcc737421a') in 0.019223 seconds
Number of updated asset objects reloaded before import = 0
Number of asset objects unloaded after import = 3
========================================================================
Received Import Request.
  Time since last request: 0.000028 seconds.
  path: Assets/Scenes/Maps/KenneyTiles/tileDirt_slopeRightRound.asset
  artifactKey: Guid(6d103430bb0a7f44a88c09d207958b7b) Importer(815301076,1909f56bfc062723c751e8b465ee728b)
Start importing Assets/Scenes/Maps/KenneyTiles/tileDirt_slopeRightRound.asset using Guid(6d103430bb0a7f44a88c09d207958b7b) Importer(815301076,1909f56bfc062723c751e8b465ee728b)  -> (artifact id: 'a09bc9f4b032a201b0654a56324a04c9') in 0.018225 seconds
Number of updated asset objects reloaded before import = 0
Number of asset objects unloaded after import = 3
========================================================================
Received Import Request.
  Time since last request: 0.000036 seconds.
  path: Assets/Scenes/Maps/KenneyTiles/tileLava_4.asset
  artifactKey: Guid(49088e8af2489d84b8c713dde43debb1) Importer(815301076,1909f56bfc062723c751e8b465ee728b)
Start importing Assets/Scenes/Maps/KenneyTiles/tileLava_4.asset using Guid(49088e8af2489d84b8c713dde43debb1) Importer(815301076,1909f56bfc062723c751e8b465ee728b)  -> (artifact id: '52c5bc62cd82939614f768a48159ac5d') in 0.021141 seconds
Number of updated asset objects reloaded before import = 0
Number of asset objects unloaded after import = 3
========================================================================
Received Import Request.
  Time since last request: 0.000034 seconds.
  path: Assets/Scenes/Maps/KenneyTiles/tileSand.asset
  artifactKey: Guid(d23cf8248e74dba43885accc282ca67b) Importer(815301076,1909f56bfc062723c751e8b465ee728b)
Start importing Assets/Scenes/Maps/KenneyTiles/tileSand.asset using Guid(d23cf8248e74dba43885accc282ca67b) Importer(815301076,1909f56bfc062723c751e8b465ee728b)  -> (artifact id: '568f5782c2b5ac06586d34a4e04df583') in 0.017956 seconds
Number of updated asset objects reloaded before import = 0
Number of asset objects unloaded after import = 3
========================================================================
Received Import Request.
  Time since last request: 0.000043 seconds.
  path: Assets/Scenes/Maps/KenneyTiles/tileLava_2.asset
  artifactKey: Guid(fd4df39e529e2ef479b19de33b1cc1e6) Importer(815301076,1909f56bfc062723c751e8b465ee728b)
Start importing Assets/Scenes/Maps/KenneyTiles/tileLava_2.asset using Guid(fd4df39e529e2ef479b19de33b1cc1e6) Importer(815301076,1909f56bfc062723c751e8b465ee728b)  -> (artifact id: 'f7dde8d9236267c1f37820c894dcfa6b') in 0.021587 seconds
Number of updated asset objects reloaded before import = 0
Number of asset objects unloaded after import = 3
========================================================================
Received Import Request.
  Time since last request: 0.000023 seconds.
  path: Assets/Scenes/Maps/KenneyTiles/tileGoo_slopeRightRound.asset
  artifactKey: Guid(488c98f4ffaeaec409609f50396409c2) Importer(815301076,1909f56bfc062723c751e8b465ee728b)
Start importing Assets/Scenes/Maps/KenneyTiles/tileGoo_slopeRightRound.asset using Guid(488c98f4ffaeaec409609f50396409c2) Importer(815301076,1909f56bfc062723c751e8b465ee728b)  -> (artifact id: 'bf80a96f687ea81b6a29b2d79961f1d7') in 0.020615 seconds
Number of updated asset objects reloaded before import = 0
Number of asset objects unloaded after import = 3
========================================================================
Received Import Request.
  Time since last request: 0.000024 seconds.
  path: Assets/Scenes/Maps/KenneyTiles/tileGoo_slopeLeftRound.asset
  artifactKey: Guid(859c9e7d2b973024182e086e58ce165f) Importer(815301076,1909f56bfc062723c751e8b465ee728b)
Start importing Assets/Scenes/Maps/KenneyTiles/tileGoo_slopeLeftRound.asset using Guid(859c9e7d2b973024182e086e58ce165f) Importer(815301076,1909f56bfc062723c751e8b465ee728b)  -> (artifact id: '9168f856810431e31005e3431ce5af2e') in 0.019138 seconds
Number of updated asset objects reloaded before import = 0
Number of asset objects unloaded after import = 3
========================================================================
Received Import Request.
  Time since last request: 0.000026 seconds.
  path: Assets/Scenes/Maps/KenneyTiles/tileCastle_topRoof.asset
  artifactKey: Guid(dd1a0ffac50d43d4f9ae53e0eff07bdf) Importer(815301076,1909f56bfc062723c751e8b465ee728b)
Start importing Assets/Scenes/Maps/KenneyTiles/tileCastle_topRoof.asset using Guid(dd1a0ffac50d43d4f9ae53e0eff07bdf) Importer(815301076,1909f56bfc062723c751e8b465ee728b)  -> (artifact id: '79859c2799e80654ec7e2df73c06c642') in 0.017582 seconds
Number of updated asset objects reloaded before import = 0
Number of asset objects unloaded after import = 3
========================================================================
Received Import Request.
  Time since last request: 5.371753 seconds.
  path: Assets/Scenes/Maps/KenneyTiles/tileSnow_slopeRight.asset
  artifactKey: Guid(0ae646017a75ceb48987ce2e0005a742) Importer(815301076,1909f56bfc062723c751e8b465ee728b)
Start importing Assets/Scenes/Maps/KenneyTiles/tileSnow_slopeRight.asset using Guid(0ae646017a75ceb48987ce2e0005a742) Importer(815301076,1909f56bfc062723c751e8b465ee728b)  -> (artifact id: '5070320f1822300551e79fe96dce9554') in 0.024821 seconds
Number of updated asset objects reloaded before import = 0
Number of asset objects unloaded after import = 3
========================================================================
Received Import Request.
  Time since last request: 0.000035 seconds.
  path: Assets/Scenes/Maps/KenneyTiles/tileStone_slopeRightRound.asset
  artifactKey: Guid(a4d4c6ea2f89e3a4fa177671e5d126c5) Importer(815301076,1909f56bfc062723c751e8b465ee728b)
Start importing Assets/Scenes/Maps/KenneyTiles/tileStone_slopeRightRound.asset using Guid(a4d4c6ea2f89e3a4fa177671e5d126c5) Importer(815301076,1909f56bfc062723c751e8b465ee728b)  -> (artifact id: '079ba0a4a15be2623a91f1cc75e314fa') in 0.019766 seconds
Number of updated asset objects reloaded before import = 0
Number of asset objects unloaded after import = 3
========================================================================
Received Import Request.
  Time since last request: 0.000033 seconds.
  path: Assets/Scenes/Maps/KenneyTiles/tileWater_3.asset
  artifactKey: Guid(e57f7f868f620b74cbea9649f48a6297) Importer(815301076,1909f56bfc062723c751e8b465ee728b)
Start importing Assets/Scenes/Maps/KenneyTiles/tileWater_3.asset using Guid(e57f7f868f620b74cbea9649f48a6297) Importer(815301076,1909f56bfc062723c751e8b465ee728b)  -> (artifact id: '50c6faff7e996629e21cd8b8db5846bc') in 0.019528 seconds
Number of updated asset objects reloaded before import = 0
Number of asset objects unloaded after import = 3
========================================================================
Received Import Request.
  Time since last request: 0.000041 seconds.
  path: Assets/Scenes/Maps/KenneyTiles/tileStone_slopeLeftRound.asset
  artifactKey: Guid(be8122dbdf489574694bd6c6c968c652) Importer(815301076,1909f56bfc062723c751e8b465ee728b)
Start importing Assets/Scenes/Maps/KenneyTiles/tileStone_slopeLeftRound.asset using Guid(be8122dbdf489574694bd6c6c968c652) Importer(815301076,1909f56bfc062723c751e8b465ee728b)  -> (artifact id: 'f3376abeb1575bbfd2b980a1f96b4181') in 0.021448 seconds
Number of updated asset objects reloaded before import = 0
Number of asset objects unloaded after import = 3
========================================================================
Received Import Request.
  Time since last request: 0.000031 seconds.
  path: Assets/Scenes/Maps/KenneyTiles/tileStone.asset
  artifactKey: Guid(5a65449694c292547bc97025d9f264ba) Importer(815301076,1909f56bfc062723c751e8b465ee728b)
Start importing Assets/Scenes/Maps/KenneyTiles/tileStone.asset using Guid(5a65449694c292547bc97025d9f264ba) Importer(815301076,1909f56bfc062723c751e8b465ee728b)  -> (artifact id: 'b5c86724f11d099a84cabe0ac2cd28d1') in 0.020228 seconds
Number of updated asset objects reloaded before import = 0
Number of asset objects unloaded after import = 3
========================================================================
Received Import Request.
  Time since last request: 0.000030 seconds.
  path: Assets/Scenes/Maps/KenneyTiles/tileStone_slopeLeft.asset
  artifactKey: Guid(f7687740f73ebca47a88c3269ef93570) Importer(815301076,1909f56bfc062723c751e8b465ee728b)
Start importing Assets/Scenes/Maps/KenneyTiles/tileStone_slopeLeft.asset using Guid(f7687740f73ebca47a88c3269ef93570) Importer(815301076,1909f56bfc062723c751e8b465ee728b)  -> (artifact id: '4d0760f01221024da0615997ceabfe16') in 0.019827 seconds
Number of updated asset objects reloaded before import = 0
Number of asset objects unloaded after import = 3
========================================================================
Received Import Request.
  Time since last request: 0.847627 seconds.
  path: Assets/Scenes/Maps/KenneyTiles/tileWood_flat.asset
  artifactKey: Guid(3bb246f085e58544b9cf49150c35dfe6) Importer(815301076,1909f56bfc062723c751e8b465ee728b)
Start importing Assets/Scenes/Maps/KenneyTiles/tileWood_flat.asset using Guid(3bb246f085e58544b9cf49150c35dfe6) Importer(815301076,1909f56bfc062723c751e8b465ee728b)  -> (artifact id: 'd6e99717e2df9bab2cd995e0efc7733b') in 0.018609 seconds
Number of updated asset objects reloaded before import = 0
Number of asset objects unloaded after import = 3
Editor requested this worker to shutdown with reason: Scaling down because of idle timeout
TcpMessagingSession - receive error: operation aborted. errorcode: 995, details: 스레드 종료 또는 응용 프로그램 요청 때문에 I/O 작업이 취소되었습니다.
AssetImportWorker is now disconnected from the server
Process exiting
Exiting without the bug reporter. Application will terminate with return code 0